#
# A fatal error has been detected by the Java Runtime Environment:
#
#  EXCEPTION_ACCESS_VIOLATION (0xc0000005) at pc=0x00007ffd55273283, pid=16164, tid=2616
#
# JRE version: Java(TM) SE Runtime Environment (17.0.5+9) (build 17.0.5+9-LTS-191)
# Java VM: Java HotSpot(TM) 64-Bit Server VM (17.0.5+9-LTS-191, mixed mode, emulated-client, sharing, tiered, compressed oops, compressed class ptrs, g1 gc, windows-amd64)
# Problematic frame:
# V  [jvm.dll+0x383283]
#
# No core dump will be written. Minidumps are not enabled by default on client versions of Windows
#
# If you would like to submit a bug report, please visit:
#   https://bugreport.java.com/bugreport/crash.jsp
#

---------------  S U M M A R Y ------------

Command Line: -XX:TieredStopAtLevel=1 -Xverify:none -Dspring.output.ansi.enabled=always -Dcom.sun.management.jmxremote -Dspring.jmx.enabled=true -Dspring.liveBeansView.mbeanDomain -Dspring.application.admin.enabled=true -Didea.launcher.port=54545 -Didea.launcher.bin.path=C:\Program Files\IntellijU\bin -Dfile.encoding=UTF-8 com.intellij.rt.execution.application.AppMainV2 com.businesscenterservices.businesscenterservices.BusinesscenterservicesApplication

Host: 11th Gen Intel(R) Core(TM) i7-1165G7 @ 2.80GHz, 8 cores, 7G,  Windows 11 , 64 bit Build 22621 (10.0.22621.2428)
Time: Tue Oct 24 16:07:56 2023 Greenwich elapsed time: 344064.242932 seconds (3d 23h 34m 24s)

---------------  T H R E A D  ---------------

Current thread (0x000002288fb171b0):  JavaThread "HikariPool-1 connection adder" daemon [_thread_in_vm, id=2616, stack(0x0000009500300000,0x0000009500400000)]

Stack: [0x0000009500300000,0x0000009500400000],  sp=0x00000095003fad30,  free space=1003k
Native frames: (J=compiled Java code, j=interpreted, Vv=VM code, C=native code)
V  [jvm.dll+0x383283]
V  [jvm.dll+0x672e12]
V  [jvm.dll+0x382f4e]
V  [jvm.dll+0x749a8f]
V  [jvm.dll+0x74b711]
V  [jvm.dll+0x74d551]
V  [jvm.dll+0x74d5e4]
V  [jvm.dll+0x408fe5]
