#
# There is insufficient memory for the Java Runtime Environment to continue.
# Native memory allocation (mmap) failed to map 65536 bytes for Failed to commit metaspace.
# Possible reasons:
#   The system is out of physical RAM or swap space
#   The process is running with CompressedOops enabled, and the Java Heap may be blocking the growth of the native heap
# Possible solutions:
#   Reduce memory load on the system
#   Increase physical memory or swap space
#   Check if swap backing store is full
#   Decrease Java heap size (-Xmx/-Xms)
#   Decrease number of Java threads
#   Decrease Java thread stack sizes (-Xss)
#   Set larger code cache with -XX:ReservedCodeCacheSize=
#   JVM is running with Unscaled Compressed Oops mode in which the Java heap is
#     placed in the first 4GB address space. The Java Heap base address is the
#     maximum limit for the native heap growth. Please use -XX:HeapBaseMinAddress
#     to set the Java Heap base and to place the Java Heap above 4GB virtual address.
# This output file may be truncated or incomplete.
#
#  Out of Memory Error (virtualSpaceNode.cpp:110), pid=5700, tid=19264
#
# JRE version: Java(TM) SE Runtime Environment (17.0.5+9) (build 17.0.5+9-LTS-191)
# Java VM: Java HotSpot(TM) 64-Bit Server VM (17.0.5+9-LTS-191, mixed mode, emulated-client, sharing, tiered, compressed oops, compressed class ptrs, g1 gc, windows-amd64)
# No core dump will be written. Minidumps are not enabled by default on client versions of Windows
#

---------------  S U M M A R Y ------------

Command Line: -XX:TieredStopAtLevel=1 -Xverify:none -Dspring.output.ansi.enabled=always -Dcom.sun.management.jmxremote -Dspring.jmx.enabled=true -Dspring.liveBeansView.mbeanDomain -Dspring.application.admin.enabled=true -Didea.launcher.port=54804 -Didea.launcher.bin.path=C:\Program Files\IntellijU\bin -Dfile.encoding=UTF-8 com.intellij.rt.execution.application.AppMainV2 com.businesscenterservices.businesscenterservices.BusinesscenterservicesApplication

Host: 11th Gen Intel(R) Core(TM) i7-1165G7 @ 2.80GHz, 8 cores, 7G,  Windows 11 , 64 bit Build 22621 (10.0.22621.2070)
Time: Wed Aug 23 11:53:25 2023 Greenwich elapsed time: 11.943661 seconds (0d 0h 0m 11s)

---------------  T H R E A D  ---------------

Current thread (0x00000249c00f7f30):  JavaThread "restartedMain" [_thread_in_vm, id=19264, stack(0x000000a02a700000,0x000000a02a800000)]

Stack: [0x000000a02a700000,0x000000a02a800000]
Native frames: (J=compiled Java code, j=interpreted, Vv=VM code, C=native code)
V  [jvm.dll+0x672eea]
V  [jvm.dll+0x7d2a04]
V  [jvm.dll+0x7d41ae]
V  [jvm.dll+0x7d4813]
V  [jvm.dll+0x242c15]
V  [jvm.dll+0x7ce9ab]
V  [jvm.dll+0x618bb6]
V  [jvm.dll+0x1be37e]
V  [jvm.dll+0x61b4f1]
V  [jvm.dll+0x619556]
V  [jvm.dll+0x367f22]
V  [jvm.dll+0x1dfb2b]
V  [jvm.dll+0x539409]
V  [jvm.dll+0x74d4f8]
V  [jvm.dll+0x74d5e4]
V  [jvm.dll+0x408fe5]
V  [jvm.dll+0x40f038]
C  [java.dll+0x17ec]

Java frames: (J=compiled Java code, j=interpreted, Vv=VM code)
J 1198  java.lang.ClassLoader.defineClass1(Ljava/lang/ClassLoader;Ljava/lang/String;[BIILjava/security/ProtectionDomain;Ljava/lang/String;)Ljava/lang/Class; java.base@17.0.5 (0 bytes) @ 0x00000249b4bf0ce3 [0x00000249b4bf0c20+0x00000000000000c3]
J 1355 c1 java.lang.ClassLoader.defineClass(Ljava/lang/String;[BIILjava/security/ProtectionDomain;)Ljava/lang/Class; java.base@17.0.5 (43 bytes) @ 0x00000249b4c30fdc [0x00000249b4c30ee0+0x00000000000000fc]
J 1220 c1 jdk.internal.loader.BuiltinClassLoader.defineClass(Ljava/lang/String;Ljdk/internal/loader/Resource;)Ljava/lang/Class; java.base@17.0.5 (121 bytes) @ 0x00000249b4bfcf64 [0x00000249b4bfcaa0+0x00000000000004c4]
J 1205 c1 jdk.internal.loader.BuiltinClassLoader.findClassOnClassPathOrNull(Ljava/lang/String;)Ljava/lang/Class; java.base@17.0.5 (64 bytes) @ 0x00000249b4bf3cb4 [0x00000249b4bf3a00+0x00000000000002b4]
J 1035 c1 jdk.internal.loader.BuiltinClassLoader.loadClassOrNull(Ljava/lang/String;Z)Ljava/lang/Class; java.base@17.0.5 (143 bytes) @ 0x00000249b4baa15c [0x00000249b4ba9d00+0x000000000000045c]
J 1107 c1 jdk.internal.loader.ClassLoaders$AppClassLoader.loadClass(Ljava/lang/String;Z)Ljava/lang/Class; java.base@17.0.5 (40 bytes) @ 0x00000249b4bc7924 [0x00000249b4bc77e0+0x0000000000000144]
J 1092 c1 java.lang.ClassLoader.loadClass(Ljava/lang/String;)Ljava/lang/Class; java.base@17.0.5 (7 bytes) @ 0x00000249b4bc34e4 [0x00000249b4bc34a0+0x0000000000000044]
v  ~StubRoutines::call_stub
J 2903  java.lang.Class.getDeclaredMethods0(Z)[Ljava/lang/reflect/Method; java.base@17.0.5 (0 bytes) @ 0x00000249b4e24ce3 [0x00000249b4e24ca0+0x0000000000000043]
J 2006 c1 java.lang.Class.privateGetDeclaredMethods(Z)[Ljava/lang/reflect/Method; java.base@17.0.5 (64 bytes) @ 0x00000249b4d2df9c [0x00000249b4d2df00+0x000000000000009c]
J 3232 c1 org.springframework.util.ReflectionUtils.getDeclaredMethods(Ljava/lang/Class;Z)[Ljava/lang/reflect/Method; (209 bytes) @ 0x00000249b4ec0f54 [0x00000249b4ec0e60+0x00000000000000f4]
J 3403 c1 org.springframework.util.ReflectionUtils.doWithLocalMethods(Ljava/lang/Class;Lorg/springframework/util/ReflectionUtils$MethodCallback;)V (89 bytes) @ 0x00000249b497c664 [0x00000249b497c640+0x0000000000000024]
j  org.springframework.orm.jpa.support.PersistenceAnnotationBeanPostProcessor.buildPersistenceMetadata(Ljava/lang/Class;)Lorg/springframework/beans/factory/annotation/InjectionMetadata;+69
J 4801 c1 org.springframework.orm.jpa.support.PersistenceAnnotationBeanPostProcessor.findPersistenceMetadata(Ljava/lang/String;Ljava/lang/Class;Lorg/springframework/beans/PropertyValues;)Lorg/springframework/beans/factory/annotation/InjectionMetadata; (124 bytes) @ 0x00000249b523a0e4 [0x00000249b5239e20+0x00000000000002c4]
j  org.springframework.orm.jpa.support.PersistenceAnnotationBeanPostProcessor.postProcessMergedBeanDefinition(Lorg/springframework/beans/factory/support/RootBeanDefinition;Ljava/lang/Class;Ljava/lang/String;)V+4
j  org.springframework.beans.factory.support.AbstractAutowireCapableBeanFactory.applyMergedBeanDefinitionPostProcessors(Lorg/springframework/beans/factory/support/RootBeanDefinition;Ljava/lang/Class;Ljava/lang/String;)V+41
j  org.springframework.beans.factory.support.AbstractAutowireCapableBeanFactory.doCreateBean(Ljava/lang/String;Lorg/springframework/beans/factory/support/RootBeanDefinition;[Ljava/lang/Object;)Ljava/lang/Object;+90
j  org.springframework.beans.factory.support.AbstractAutowireCapableBeanFactory.createBean(Ljava/lang/String;Lorg/springframework/beans/factory/support/RootBeanDefinition;[Ljava/lang/Object;)Ljava/lang/Object;+169
j  org.springframework.beans.factory.support.AbstractBeanFactory.lambda$doGetBean$0(Ljava/lang/String;Lorg/springframework/beans/factory/support/RootBeanDefinition;[Ljava/lang/Object;)Ljava/lang/Object;+4
j  org.springframework.beans.factory.support.AbstractBeanFactory$$Lambda$350+0x0000000800dd7348.getObject()Ljava/lang/Object;+16
j  org.springframework.beans.factory.support.DefaultSingletonBeanRegistry.getSingleton(Ljava/lang/String;Lorg/springframework/beans/factory/ObjectFactory;)Ljava/lang/Object;+132
J 3040 c1 org.springframework.beans.factory.support.AbstractBeanFactory.doGetBean(Ljava/lang/String;Ljava/lang/Class;[Ljava/lang/Object;Z)Ljava/lang/Object; (832 bytes) @ 0x00000249b4e54954 [0x00000249b4e54380+0x00000000000005d4]
j  org.springframework.beans.factory.support.AbstractBeanFactory.getBean(Ljava/lang/String;)Ljava/lang/Object;+5
j  org.springframework.beans.factory.config.DependencyDescriptor.resolveCandidate(Ljava/lang/String;Ljava/lang/Class;Lorg/springframework/beans/factory/BeanFactory;)Ljava/lang/Object;+2
j  org.springframework.beans.factory.support.DefaultListableBeanFactory.doResolveDependency(Lorg/springframework/beans/factory/config/DependencyDescriptor;Ljava/lang/String;Ljava/util/Set;Lorg/springframework/beans/TypeConverter;)Ljava/lang/Object;+440
j  org.springframework.beans.factory.support.DefaultListableBeanFactory.resolveDependency(Lorg/springframework/beans/factory/config/DependencyDescriptor;Ljava/lang/String;Ljava/util/Set;Lorg/springframework/beans/TypeConverter;)Ljava/lang/Object;+108
j  org.springframework.beans.factory.support.ConstructorResolver.resolveAutowiredArgument(Lorg/springframework/core/MethodParameter;Ljava/lang/String;Ljava/util/Set;Lorg/springframework/beans/TypeConverter;Z)Ljava/lang/Object;+79
j  org.springframework.beans.factory.support.ConstructorResolver.createArgumentArray(Ljava/lang/String;Lorg/springframework/beans/factory/support/RootBeanDefinition;Lorg/springframework/beans/factory/config/ConstructorArgumentValues;Lorg/springframework/beans/BeanWrapper;[Ljava/lang/Class;[Ljava/lang/String;Ljava/lang/reflect/Executable;ZZ)Lorg/springframework/beans/factory/support/ConstructorResolver$ArgumentsHolder;+434
j  org.springframework.beans.factory.support.ConstructorResolver.instantiateUsingFactoryMethod(Ljava/lang/String;Lorg/springframework/beans/factory/support/RootBeanDefinition;[Ljava/lang/Object;)Lorg/springframework/beans/BeanWrapper;+736
j  org.springframework.beans.factory.support.AbstractAutowireCapableBeanFactory.instantiateUsingFactoryMethod(Ljava/lang/String;Lorg/springframework/beans/factory/support/RootBeanDefinition;[Ljava/lang/Object;)Lorg/springframework/beans/BeanWrapper;+11
j  org.springframework.beans.factory.support.AbstractAutowireCapableBeanFactory.createBeanInstance(Ljava/lang/String;Lorg/springframework/beans/factory/support/RootBeanDefinition;[Ljava/lang/Object;)Lorg/springframework/beans/BeanWrapper;+102
j  org.springframework.beans.factory.support.AbstractAutowireCapableBeanFactory.doCreateBean(Ljava/lang/String;Lorg/springframework/beans/factory/support/RootBeanDefinition;[Ljava/lang/Object;)Ljava/lang/Object;+34
j  org.springframework.beans.factory.support.AbstractAutowireCapableBeanFactory.createBean(Ljava/lang/String;Lorg/springframework/beans/factory/support/RootBeanDefinition;[Ljava/lang/Object;)Ljava/lang/Object;+169
j  org.springframework.beans.factory.support.AbstractBeanFactory.lambda$doGetBean$0(Ljava/lang/String;Lorg/springframework/beans/factory/support/RootBeanDefinition;[Ljava/lang/Object;)Ljava/lang/Object;+4
j  org.springframework.beans.factory.support.AbstractBeanFactory$$Lambda$350+0x0000000800dd7348.getObject()Ljava/lang/Object;+16
j  org.springframework.beans.factory.support.DefaultSingletonBeanRegistry.getSingleton(Ljava/lang/String;Lorg/springframework/beans/factory/ObjectFactory;)Ljava/lang/Object;+132
J 3040 c1 org.springframework.beans.factory.support.AbstractBeanFactory.doGetBean(Ljava/lang/String;Ljava/lang/Class;[Ljava/lang/Object;Z)Ljava/lang/Object; (832 bytes) @ 0x00000249b4e54954 [0x00000249b4e54380+0x00000000000005d4]
j  org.springframework.beans.factory.support.AbstractBeanFactory.getBean(Ljava/lang/String;)Ljava/lang/Object;+5
j  org.springframework.beans.factory.config.DependencyDescriptor.resolveCandidate(Ljava/lang/String;Ljava/lang/Class;Lorg/springframework/beans/factory/BeanFactory;)Ljava/lang/Object;+2
j  org.springframework.beans.factory.support.DefaultListableBeanFactory.addCandidateEntry(Ljava/util/Map;Ljava/lang/String;Lorg/springframework/beans/factory/config/DependencyDescriptor;Ljava/lang/Class;)V+68
j  org.springframework.beans.factory.support.DefaultListableBeanFactory.findAutowireCandidates(Ljava/lang/String;Ljava/lang/Class;Lorg/springframework/beans/factory/config/DependencyDescriptor;)Ljava/util/Map;+179
j  org.springframework.beans.factory.support.DefaultListableBeanFactory.resolveMultipleBeans(Lorg/springframework/beans/factory/config/DependencyDescriptor;Ljava/lang/String;Ljava/util/Set;Lorg/springframework/beans/TypeConverter;)Ljava/lang/Object;+18
j  org.springframework.beans.factory.support.DefaultListableBeanFactory.doResolveDependency(Lorg/springframework/beans/factory/config/DependencyDescriptor;Ljava/lang/String;Ljava/util/Set;Lorg/springframework/beans/TypeConverter;)Ljava/lang/Object;+207
j  org.springframework.beans.factory.support.DefaultListableBeanFactory$DependencyObjectProvider.resolveStream(Z)Ljava/util/stream/Stream;+24
j  org.springframework.beans.factory.support.DefaultListableBeanFactory$DependencyObjectProvider.orderedStream()Ljava/util/stream/Stream;+2
j  org.springframework.boot.autoconfigure.http.HttpMessageConvertersAutoConfiguration.messageConverters(Lorg/springframework/beans/factory/ObjectProvider;)Lorg/springframework/boot/autoconfigure/http/HttpMessageConverters;+5
v  ~StubRoutines::call_stub
J 2480  jdk.internal.reflect.NativeMethodAccessorImpl.invoke0(Ljava/lang/reflect/Method;Ljava/lang/Object;[Ljava/lang/Object;)Ljava/lang/Object; java.base@17.0.5 (0 bytes) @ 0x00000249b4a04227 [0x00000249b4a041a0+0x0000000000000087]
J 2479 c1 jdk.internal.reflect.NativeMethodAccessorImpl.invoke(Ljava/lang/Object;[Ljava/lang/Object;)Ljava/lang/Object; java.base@17.0.5 (137 bytes) @ 0x00000249b4a03a94 [0x00000249b4a03780+0x0000000000000314]
J 2384 c1 jdk.internal.reflect.DelegatingMethodAccessorImpl.invoke(Ljava/lang/Object;[Ljava/lang/Object;)Ljava/lang/Object; java.base@17.0.5 (10 bytes) @ 0x00000249b4a2aa64 [0x00000249b4a2aa20+0x0000000000000044]
J 2392 c1 java.lang.reflect.Method.invoke(Ljava/lang/Object;[Ljava/lang/Object;)Ljava/lang/Object; java.base@17.0.5 (65 bytes) @ 0x00000249b4a23564 [0x00000249b4a23460+0x0000000000000104]
j  org.springframework.beans.factory.support.SimpleInstantiationStrategy.instantiate(Lorg/springframework/beans/factory/support/RootBeanDefinition;Ljava/lang/String;Lorg/springframework/beans/factory/BeanFactory;Ljava/lang/Object;Ljava/lang/reflect/Method;[Ljava/lang/Object;)Ljava/lang/Object;+50
j  org.springframework.beans.factory.support.ConstructorResolver.instantiate(Ljava/lang/String;Lorg/springframework/beans/factory/support/RootBeanDefinition;Ljava/lang/Object;Ljava/lang/reflect/Method;[Ljava/lang/Object;)Ljava/lang/Object;+48
j  org.springframework.beans.factory.support.ConstructorResolver.instantiateUsingFactoryMethod(Ljava/lang/String;Lorg/springframework/beans/factory/support/RootBeanDefinition;[Ljava/lang/Object;)Lorg/springframework/beans/BeanWrapper;+1565
j  org.springframework.beans.factory.support.AbstractAutowireCapableBeanFactory.instantiateUsingFactoryMethod(Ljava/lang/String;Lorg/springframework/beans/factory/support/RootBeanDefinition;[Ljava/lang/Object;)Lorg/springframework/beans/BeanWrapper;+11
j  org.springframework.beans.factory.support.AbstractAutowireCapableBeanFactory.createBeanInstance(Ljava/lang/String;Lorg/springframework/beans/factory/support/RootBeanDefinition;[Ljava/lang/Object;)Lorg/springframework/beans/BeanWrapper;+102
j  org.springframework.beans.factory.support.AbstractAutowireCapableBeanFactory.doCreateBean(Ljava/lang/String;Lorg/springframework/beans/factory/support/RootBeanDefinition;[Ljava/lang/Object;)Ljava/lang/Object;+34
j  org.springframework.beans.factory.support.AbstractAutowireCapableBeanFactory.createBean(Ljava/lang/String;Lorg/springframework/beans/factory/support/RootBeanDefinition;[Ljava/lang/Object;)Ljava/lang/Object;+169
j  org.springframework.beans.factory.support.AbstractBeanFactory.lambda$doGetBean$0(Ljava/lang/String;Lorg/springframework/beans/factory/support/RootBeanDefinition;[Ljava/lang/Object;)Ljava/lang/Object;+4
j  org.springframework.beans.factory.support.AbstractBeanFactory$$Lambda$350+0x0000000800dd7348.getObject()Ljava/lang/Object;+16
j  org.springframework.beans.factory.support.DefaultSingletonBeanRegistry.getSingleton(Ljava/lang/String;Lorg/springframework/beans/factory/ObjectFactory;)Ljava/lang/Object;+132
J 3040 c1 org.springframework.beans.factory.support.AbstractBeanFactory.doGetBean(Ljava/lang/String;Ljava/lang/Class;[Ljava/lang/Object;Z)Ljava/lang/Object; (832 bytes) @ 0x00000249b4e54954 [0x00000249b4e54380+0x00000000000005d4]
j  org.springframework.beans.factory.support.AbstractBeanFactory.getBean(Ljava/lang/String;)Ljava/lang/Object;+5
j  org.springframework.beans.factory.config.DependencyDescriptor.resolveCandidate(Ljava/lang/String;Ljava/lang/Class;Lorg/springframework/beans/factory/BeanFactory;)Ljava/lang/Object;+2
j  org.springframework.beans.factory.support.DefaultListableBeanFactory.doResolveDependency(Lorg/springframework/beans/factory/config/DependencyDescriptor;Ljava/lang/String;Ljava/util/Set;Lorg/springframework/beans/TypeConverter;)Ljava/lang/Object;+440
j  org.springframework.beans.factory.support.DefaultListableBeanFactory$DependencyObjectProvider.getIfAvailable()Ljava/lang/Object;+51
j  org.springframework.beans.factory.support.DefaultListableBeanFactory$DependencyObjectProvider.ifAvailable(Ljava/util/function/Consumer;)V+1
j  org.springframework.boot.autoconfigure.web.servlet.WebMvcAutoConfiguration$WebMvcAutoConfigurationAdapter.configureMessageConverters(Ljava/util/List;)V+10
j  org.springframework.web.servlet.config.annotation.WebMvcConfigurerComposite.configureMessageConverters(Ljava/util/List;)V+31
j  org.springframework.web.servlet.config.annotation.DelegatingWebMvcConfiguration.configureMessageConverters(Ljava/util/List;)V+5
j  org.springframework.web.servlet.config.annotation.WebMvcConfigurationSupport.getMessageConverters()Ljava/util/List;+23
j  org.springframework.web.servlet.config.annotation.WebMvcConfigurationSupport.requestMappingHandlerAdapter(Lorg/springframework/web/accept/ContentNegotiationManager;Lorg/springframework/format/support/FormattingConversionService;Lorg/springframework/validation/Validator;)Lorg/springframework/web/servlet/mvc/method/annotation/RequestMappingHandlerAdapter;+15
j  org.springframework.boot.autoconfigure.web.servlet.WebMvcAutoConfiguration$EnableWebMvcConfiguration.requestMappingHandlerAdapter(Lorg/springframework/web/accept/ContentNegotiationManager;Lorg/springframework/format/support/FormattingConversionService;Lorg/springframework/validation/Validator;)Lorg/springframework/web/servlet/mvc/method/annotation/RequestMappingHandlerAdapter;+4
v  ~StubRoutines::call_stub
J 2480  jdk.internal.reflect.NativeMethodAccessorImpl.invoke0(Ljava/lang/reflect/Method;Ljava/lang/Object;[Ljava/lang/Object;)Ljava/lang/Object; java.base@17.0.5 (0 bytes) @ 0x00000249b4a04227 [0x00000249b4a041a0+0x0000000000000087]
J 2479 c1 jdk.internal.reflect.NativeMethodAccessorImpl.invoke(Ljava/lang/Object;[Ljava/lang/Object;)Ljava/lang/Object; java.base@17.0.5 (137 bytes) @ 0x00000249b4a03a94 [0x00000249b4a03780+0x0000000000000314]
J 2384 c1 jdk.internal.reflect.DelegatingMethodAccessorImpl.invoke(Ljava/lang/Object;[Ljava/lang/Object;)Ljava/lang/Object; java.base@17.0.5 (10 bytes) @ 0x00000249b4a2aa64 [0x00000249b4a2aa20+0x0000000000000044]
J 2392 c1 java.lang.reflect.Method.invoke(Ljava/lang/Object;[Ljava/lang/Object;)Ljava/lang/Object; java.base@17.0.5 (65 bytes) @ 0x00000249b4a23564 [0x00000249b4a23460+0x0000000000000104]
j  org.springframework.beans.factory.support.SimpleInstantiationStrategy.instantiate(Lorg/springframework/beans/factory/support/RootBeanDefinition;Ljava/lang/String;Lorg/springframework/beans/factory/BeanFactory;Ljava/lang/Object;Ljava/lang/reflect/Method;[Ljava/lang/Object;)Ljava/lang/Object;+50
j  org.springframework.beans.factory.support.ConstructorResolver.instantiate(Ljava/lang/String;Lorg/springframework/beans/factory/support/RootBeanDefinition;Ljava/lang/Object;Ljava/lang/reflect/Method;[Ljava/lang/Object;)Ljava/lang/Object;+48
j  org.springframework.beans.factory.support.ConstructorResolver.instantiateUsingFactoryMethod(Ljava/lang/String;Lorg/springframework/beans/factory/support/RootBeanDefinition;[Ljava/lang/Object;)Lorg/springframework/beans/BeanWrapper;+1565
j  org.springframework.beans.factory.support.AbstractAutowireCapableBeanFactory.instantiateUsingFactoryMethod(Ljava/lang/String;Lorg/springframework/beans/factory/support/RootBeanDefinition;[Ljava/lang/Object;)Lorg/springframework/beans/BeanWrapper;+11
j  org.springframework.beans.factory.support.AbstractAutowireCapableBeanFactory.createBeanInstance(Ljava/lang/String;Lorg/springframework/beans/factory/support/RootBeanDefinition;[Ljava/lang/Object;)Lorg/springframework/beans/BeanWrapper;+102
j  org.springframework.beans.factory.support.AbstractAutowireCapableBeanFactory.doCreateBean(Ljava/lang/String;Lorg/springframework/beans/factory/support/RootBeanDefinition;[Ljava/lang/Object;)Ljava/lang/Object;+34
j  org.springframework.beans.factory.support.AbstractAutowireCapableBeanFactory.createBean(Ljava/lang/String;Lorg/springframework/beans/factory/support/RootBeanDefinition;[Ljava/lang/Object;)Ljava/lang/Object;+169
j  org.springframework.beans.factory.support.AbstractBeanFactory.lambda$doGetBean$0(Ljava/lang/String;Lorg/springframework/beans/factory/support/RootBeanDefinition;[Ljava/lang/Object;)Ljava/lang/Object;+4
j  org.springframework.beans.factory.support.AbstractBeanFactory$$Lambda$350+0x0000000800dd7348.getObject()Ljava/lang/Object;+16
j  org.springframework.beans.factory.support.DefaultSingletonBeanRegistry.getSingleton(Ljava/lang/String;Lorg/springframework/beans/factory/ObjectFactory;)Ljava/lang/Object;+132
J 3040 c1 org.springframework.beans.factory.support.AbstractBeanFactory.doGetBean(Ljava/lang/String;Ljava/lang/Class;[Ljava/lang/Object;Z)Ljava/lang/Object; (832 bytes) @ 0x00000249b4e54954 [0x00000249b4e54380+0x00000000000005d4]
j  org.springframework.beans.factory.support.AbstractBeanFactory.getBean(Ljava/lang/String;)Ljava/lang/Object;+5
j  org.springframework.beans.factory.support.DefaultListableBeanFactory.preInstantiateSingletons()V+248
j  org.springframework.context.support.AbstractApplicationContext.finishBeanFactoryInitialization(Lorg/springframework/beans/factory/config/ConfigurableListableBeanFactory;)V+124
j  org.springframework.context.support.AbstractApplicationContext.refresh()V+86
j  org.springframework.boot.web.servlet.context.ServletWebServerApplicationContext.refresh()V+1
j  org.springframework.boot.SpringApplication.refresh(Lorg/springframework/context/ConfigurableApplicationContext;)V+1
j  org.springframework.boot.SpringApplication.refreshContext(Lorg/springframework/context/ConfigurableApplicationContext;)V+16
j  org.springframework.boot.SpringApplication.run([Ljava/lang/String;)Lorg/springframework/context/ConfigurableApplicationContext;+107
j  org.springframework.boot.SpringApplication.run([Ljava/lang/Class;[Ljava/lang/String;)Lorg/springframework/context/ConfigurableApplicationContext;+9
j  org.springframework.boot.SpringApplication.run(Ljava/lang/Class;[Ljava/lang/String;)Lorg/springframework/context/ConfigurableApplicationContext;+9
j  com.businesscenterservices.businesscenterservices.BusinesscenterservicesApplication.main([Ljava/lang/String;)V+3
v  ~StubRoutines::call_stub
j  jdk.internal.reflect.NativeMethodAccessorImpl.invoke0(Ljava/lang/reflect/Method;Ljava/lang/Object;[Ljava/lang/Object;)Ljava/lang/Object;+0 java.base@17.0.5
j  jdk.internal.reflect.NativeMethodAccessorImpl.invoke(Ljava/lang/Object;[Ljava/lang/Object;)Ljava/lang/Object;+133 java.base@17.0.5
j  jdk.internal.reflect.DelegatingMethodAccessorImpl.invoke(Ljava/lang/Object;[Ljava/lang/Object;)Ljava/lang/Object;+6 java.base@17.0.5
j  java.lang.reflect.Method.invoke(Ljava/lang/Object;[Ljava/lang/Object;)Ljava/lang/Object;+59 java.base@17.0.5
j  org.springframework.boot.devtools.restart.RestartLauncher.run()V+42
v  ~StubRoutines::call_stub

---------------  P R O C E S S  ---------------

Threads class SMR info:
_java_thread_list=0x00000249c3cc1590, length=24, elements={
0x00000249acfaf1c0, 0x00000249bec95c10, 0x00000249bec965c0, 0x00000249beca8d80,
0x00000249beca9640, 0x00000249beca9ff0, 0x00000249becaafb0, 0x00000249becb7330,
0x00000249becb9d30, 0x00000249bec7e280, 0x00000249bf8cb610, 0x00000249bfd81080,
0x00000249bfd66b30, 0x00000249c00eb430, 0x00000249c00f7f30, 0x00000249c1671630,
0x00000249c167ce70, 0x00000249c1df5dd0, 0x00000249c1e66f50, 0x00000249c1ebfc50,
0x00000249bfe41600, 0x00000249c2376850, 0x00000249c3d37920, 0x00000249c23c9870
}

Java Threads: ( => current thread )
  0x00000249acfaf1c0 JavaThread "main" [_thread_blocked, id=9968, stack(0x000000a028700000,0x000000a028800000)]
  0x00000249bec95c10 JavaThread "Reference Handler" daemon [_thread_blocked, id=5236, stack(0x000000a028e00000,0x000000a028f00000)]
  0x00000249bec965c0 JavaThread "Finalizer" daemon [_thread_blocked, id=18992, stack(0x000000a028f00000,0x000000a029000000)]
  0x00000249beca8d80 JavaThread "Signal Dispatcher" daemon [_thread_blocked, id=16168, stack(0x000000a029000000,0x000000a029100000)]
  0x00000249beca9640 JavaThread "Attach Listener" daemon [_thread_blocked, id=9828, stack(0x000000a029100000,0x000000a029200000)]
  0x00000249beca9ff0 JavaThread "Service Thread" daemon [_thread_blocked, id=17944, stack(0x000000a029200000,0x000000a029300000)]
  0x00000249becaafb0 JavaThread "Monitor Deflation Thread" daemon [_thread_blocked, id=9844, stack(0x000000a029300000,0x000000a029400000)]
  0x00000249becb7330 JavaThread "C1 CompilerThread0" daemon [_thread_blocked, id=16300, stack(0x000000a029400000,0x000000a029500000)]
  0x00000249becb9d30 JavaThread "Sweeper thread" daemon [_thread_blocked, id=10292, stack(0x000000a029500000,0x000000a029600000)]
  0x00000249bec7e280 JavaThread "Common-Cleaner" daemon [_thread_blocked, id=18740, stack(0x000000a029600000,0x000000a029700000)]
  0x00000249bf8cb610 JavaThread "Notification Thread" daemon [_thread_blocked, id=19988, stack(0x000000a029900000,0x000000a029a00000)]
  0x00000249bfd81080 JavaThread "RMI TCP Accept-0" daemon [_thread_in_native, id=12840, stack(0x000000a029a00000,0x000000a029b00000)]
  0x00000249bfd66b30 JavaThread "Monitor Ctrl-Break" daemon [_thread_in_native, id=2340, stack(0x000000a029c00000,0x000000a029d00000)]
  0x00000249c00eb430 JavaThread "Thread-0" [_thread_blocked, id=2532, stack(0x000000a02a600000,0x000000a02a700000)]
=>0x00000249c00f7f30 JavaThread "restartedMain" [_thread_in_vm, id=19264, stack(0x000000a02a700000,0x000000a02a800000)]
  0x00000249c1671630 JavaThread "C1 CompilerThread1" daemon [_thread_blocked, id=12236, stack(0x000000a029800000,0x000000a029900000)]
  0x00000249c167ce70 JavaThread "mysql-cj-abandoned-connection-cleanup" daemon [_thread_blocked, id=17404, stack(0x000000a02a800000,0x000000a02a900000)]
  0x00000249c1df5dd0 JavaThread "HikariPool-1 housekeeper" daemon [_thread_blocked, id=11256, stack(0x000000a02aa00000,0x000000a02ab00000)]
  0x00000249c1e66f50 JavaThread "HikariPool-1 connection adder" daemon [_thread_blocked, id=4012, stack(0x000000a02ab00000,0x000000a02ac00000)]
  0x00000249c1ebfc50 JavaThread "C1 CompilerThread2" daemon [_thread_blocked, id=19500, stack(0x000000a02ac00000,0x000000a02ad00000)]
  0x00000249bfe41600 JavaThread "C1 CompilerThread3" daemon [_thread_blocked, id=9816, stack(0x000000a02ad00000,0x000000a02ae00000)]
  0x00000249c2376850 JavaThread "Catalina-utility-1" [_thread_blocked, id=4764, stack(0x000000a02ae00000,0x000000a02af00000)]
  0x00000249c3d37920 JavaThread "Catalina-utility-2" [_thread_blocked, id=16844, stack(0x000000a02af00000,0x000000a02b000000)]
  0x00000249c23c9870 JavaThread "container-0" [_thread_blocked, id=6996, stack(0x000000a02b000000,0x000000a02b100000)]

Other Threads:
  0x00000249bec92280 VMThread "VM Thread" [stack: 0x000000a028d00000,0x000000a028e00000] [id=9236]
  0x00000249ad0309b0 WatcherThread [stack: 0x000000a029b00000,0x000000a029c00000] [id=19608]
  0x00000249ad0093f0 GCTaskThread "GC Thread#0" [stack: 0x000000a028800000,0x000000a028900000] [id=17276]
  0x00000249c00c05f0 GCTaskThread "GC Thread#1" [stack: 0x000000a029d00000,0x000000a029e00000] [id=18944]
  0x00000249c00f2940 GCTaskThread "GC Thread#2" [stack: 0x000000a029e00000,0x000000a029f00000] [id=19340]
  0x00000249c00f2bf0 GCTaskThread "GC Thread#3" [stack: 0x000000a029f00000,0x000000a02a000000] [id=8860]
  0x00000249c010d140 GCTaskThread "GC Thread#4" [stack: 0x000000a02a000000,0x000000a02a100000] [id=1504]
  0x00000249c010dc00 GCTaskThread "GC Thread#5" [stack: 0x000000a02a100000,0x000000a02a200000] [id=10016]
  0x00000249c010e330 GCTaskThread "GC Thread#6" [stack: 0x000000a02a200000,0x000000a02a300000] [id=8244]
  0x00000249c010f600 GCTaskThread "GC Thread#7" [stack: 0x000000a02a300000,0x000000a02a400000] [id=16852]
  0x00000249ad019830 ConcurrentGCThread "G1 Main Marker" [stack: 0x000000a028900000,0x000000a028a00000] [id=18404]
  0x00000249ad01b250 ConcurrentGCThread "G1 Conc#0" [stack: 0x000000a028a00000,0x000000a028b00000] [id=17976]
  0x00000249c03d7cd0 ConcurrentGCThread "G1 Conc#1" [stack: 0x000000a029700000,0x000000a029800000] [id=14000]
  0x00000249ad06d3d0 ConcurrentGCThread "G1 Refine#0" [stack: 0x000000a028b00000,0x000000a028c00000] [id=15864]
  0x00000249c00c11a0 ConcurrentGCThread "G1 Refine#1" [stack: 0x000000a02a400000,0x000000a02a500000] [id=3620]
  0x00000249c00bfa80 ConcurrentGCThread "G1 Refine#2" [stack: 0x000000a02a500000,0x000000a02a600000] [id=14340]
  0x00000249beb4c110 ConcurrentGCThread "G1 Service" [stack: 0x000000a028c00000,0x000000a028d00000] [id=17932]

Threads with active compile tasks:

VM state: not at safepoint (normal execution)

VM Mutex/Monitor currently owned by a thread:  ([mutex/lock_event])
[0x00000249acfaad50] Metaspace_lock - owner thread: 0x00000249c00f7f30

Heap address: 0x0000000085800000, size: 1960 MB, Compressed Oops mode: 32-bit

CDS archive(s) mapped at: [0x0000000800000000-0x0000000800bd0000-0x0000000800bd0000), size 12386304, SharedBaseAddress: 0x0000000800000000, ArchiveRelocationMode: 0.
Compressed class space mapped at: 0x0000000800c00000-0x0000000840c00000, reserved size: 1073741824
Narrow klass base: 0x0000000800000000, Narrow klass shift: 0, Narrow klass range: 0x100000000

GC Precious Log:
 CPUs: 8 total, 8 available
 Memory: 7834M
 Large Page Support: Disabled
 NUMA Support: Disabled
 Compressed Oops: Enabled (32-bit)
 Heap Region Size: 1M
 Heap Min Capacity: 8M
 Heap Initial Capacity: 124M
 Heap Max Capacity: 1960M
 Pre-touch: Disabled
 Parallel Workers: 8
 Concurrent Workers: 2
 Concurrent Refinement Workers: 8
 Periodic GC: Disabled

Heap:
 garbage-first heap   total 107520K, used 70298K [0x0000000085800000, 0x0000000100000000)
  region size 1024K, 50 young (51200K), 1 survivors (1024K)
 Metaspace       used 46914K, committed 47232K, reserved 1097728K
  class space    used 6596K, committed 6720K, reserved 1048576K

Heap Regions: E=young(eden), S=young(survivor), O=old, HS=humongous(starts), HC=humongous(continues), CS=collection set, F=free, OA=open archive, CA=closed archive, TAMS=top-at-mark-start (previous, next)
|   0|0x0000000085800000, 0x0000000085900000, 0x0000000085900000|100%|HS|  |TAMS 0x0000000085900000, 0x0000000085800000| Complete 
|   1|0x0000000085900000, 0x0000000085a00000, 0x0000000085a00000|100%| O|  |TAMS 0x0000000085a00000, 0x0000000085900000| Untracked 
|   2|0x0000000085a00000, 0x0000000085b00000, 0x0000000085b00000|100%| O|  |TAMS 0x0000000085b00000, 0x0000000085a00000| Untracked 
|   3|0x0000000085b00000, 0x0000000085c00000, 0x0000000085c00000|100%| O|  |TAMS 0x0000000085c00000, 0x0000000085b00000| Untracked 
|   4|0x0000000085c00000, 0x0000000085d00000, 0x0000000085d00000|100%| O|  |TAMS 0x0000000085d00000, 0x0000000085c00000| Untracked 
|   5|0x0000000085d00000, 0x0000000085e00000, 0x0000000085e00000|100%| O|  |TAMS 0x0000000085e00000, 0x0000000085d00000| Untracked 
|   6|0x0000000085e00000, 0x0000000085f00000, 0x0000000085f00000|100%| O|  |TAMS 0x0000000085f00000, 0x0000000085e00000| Untracked 
|   7|0x0000000085f00000, 0x0000000085f00000, 0x0000000086000000|  0%| F|  |TAMS 0x0000000085f00000, 0x0000000085f00000| Untracked 
|   8|0x0000000086000000, 0x0000000086100000, 0x0000000086100000|100%| O|  |TAMS 0x0000000086100000, 0x0000000086000000| Untracked 
|   9|0x0000000086100000, 0x0000000086200000, 0x0000000086200000|100%| O|  |TAMS 0x0000000086200000, 0x0000000086100000| Untracked 
|  10|0x0000000086200000, 0x0000000086300000, 0x0000000086300000|100%| O|  |TAMS 0x0000000086300000, 0x0000000086200000| Untracked 
|  11|0x0000000086300000, 0x0000000086400000, 0x0000000086400000|100%| O|  |TAMS 0x0000000086300000, 0x0000000086300000| Untracked 
|  12|0x0000000086400000, 0x0000000086500000, 0x0000000086500000|100%| O|  |TAMS 0x0000000086400000, 0x0000000086400000| Untracked 
|  13|0x0000000086500000, 0x0000000086600000, 0x0000000086600000|100%| O|  |TAMS 0x0000000086500000, 0x0000000086500000| Untracked 
|  14|0x0000000086600000, 0x0000000086700000, 0x0000000086700000|100%| O|  |TAMS 0x0000000086600000, 0x0000000086600000| Untracked 
|  15|0x0000000086700000, 0x000000008672d400, 0x0000000086800000| 17%| O|  |TAMS 0x0000000086700000, 0x0000000086700000| Untracked 
|  16|0x0000000086800000, 0x0000000086800000, 0x0000000086900000|  0%| F|  |TAMS 0x0000000086800000, 0x0000000086800000| Untracked 
|  17|0x0000000086900000, 0x0000000086900000, 0x0000000086a00000|  0%| F|  |TAMS 0x0000000086900000, 0x0000000086900000| Untracked 
|  18|0x0000000086a00000, 0x0000000086a00000, 0x0000000086b00000|  0%| F|  |TAMS 0x0000000086a00000, 0x0000000086a00000| Untracked 
|  19|0x0000000086b00000, 0x0000000086c00000, 0x0000000086c00000|100%| O|  |TAMS 0x0000000086c00000, 0x0000000086b00000| Untracked 
|  20|0x0000000086c00000, 0x0000000086d00000, 0x0000000086d00000|100%| O|  |TAMS 0x0000000086d00000, 0x0000000086c00000| Untracked 
|  21|0x0000000086d00000, 0x0000000086e00000, 0x0000000086e00000|100%| O|  |TAMS 0x0000000086e00000, 0x0000000086d00000| Untracked 
|  22|0x0000000086e00000, 0x0000000086f00000, 0x0000000086f00000|100%| O|  |TAMS 0x0000000086f00000, 0x0000000086e00000| Untracked 
|  23|0x0000000086f00000, 0x0000000087000000, 0x0000000087000000|100%| O|  |TAMS 0x0000000087000000, 0x0000000086f00000| Untracked 
|  24|0x0000000087000000, 0x0000000087100000, 0x0000000087100000|100%| O|  |TAMS 0x0000000087100000, 0x0000000087000000| Untracked 
|  25|0x0000000087100000, 0x0000000087100000, 0x0000000087200000|  0%| F|  |TAMS 0x0000000087100000, 0x0000000087100000| Untracked 
|  26|0x0000000087200000, 0x0000000087200000, 0x0000000087300000|  0%| F|  |TAMS 0x0000000087200000, 0x0000000087200000| Untracked 
|  27|0x0000000087300000, 0x0000000087300000, 0x0000000087400000|  0%| F|  |TAMS 0x0000000087300000, 0x0000000087300000| Untracked 
|  28|0x0000000087400000, 0x0000000087400000, 0x0000000087500000|  0%| F|  |TAMS 0x0000000087400000, 0x0000000087400000| Untracked 
|  29|0x0000000087500000, 0x0000000087500000, 0x0000000087600000|  0%| F|  |TAMS 0x0000000087500000, 0x0000000087500000| Untracked 
|  30|0x0000000087600000, 0x0000000087600000, 0x0000000087700000|  0%| F|  |TAMS 0x0000000087600000, 0x0000000087600000| Untracked 
|  31|0x0000000087700000, 0x0000000087700000, 0x0000000087800000|  0%| F|  |TAMS 0x0000000087700000, 0x0000000087700000| Untracked 
|  32|0x0000000087800000, 0x0000000087800000, 0x0000000087900000|  0%| F|  |TAMS 0x0000000087800000, 0x0000000087800000| Untracked 
|  33|0x0000000087900000, 0x0000000087900000, 0x0000000087a00000|  0%| F|  |TAMS 0x0000000087900000, 0x0000000087900000| Untracked 
|  34|0x0000000087a00000, 0x0000000087a00000, 0x0000000087b00000|  0%| F|  |TAMS 0x0000000087a00000, 0x0000000087a00000| Untracked 
|  35|0x0000000087b00000, 0x0000000087b00000, 0x0000000087c00000|  0%| F|  |TAMS 0x0000000087b00000, 0x0000000087b00000| Untracked 
|  36|0x0000000087c00000, 0x0000000087c00000, 0x0000000087d00000|  0%| F|  |TAMS 0x0000000087c00000, 0x0000000087c00000| Untracked 
|  37|0x0000000087d00000, 0x0000000087d00000, 0x0000000087e00000|  0%| F|  |TAMS 0x0000000087d00000, 0x0000000087d00000| Untracked 
|  38|0x0000000087e00000, 0x0000000087e00000, 0x0000000087f00000|  0%| F|  |TAMS 0x0000000087e00000, 0x0000000087e00000| Untracked 
|  39|0x0000000087f00000, 0x0000000087f00000, 0x0000000088000000|  0%| F|  |TAMS 0x0000000087f00000, 0x0000000087f00000| Untracked 
|  40|0x0000000088000000, 0x0000000088000000, 0x0000000088100000|  0%| F|  |TAMS 0x0000000088000000, 0x0000000088000000| Untracked 
|  41|0x0000000088100000, 0x0000000088100000, 0x0000000088200000|  0%| F|  |TAMS 0x0000000088100000, 0x0000000088100000| Untracked 
|  42|0x0000000088200000, 0x0000000088200000, 0x0000000088300000|  0%| F|  |TAMS 0x0000000088200000, 0x0000000088200000| Untracked 
|  43|0x0000000088300000, 0x0000000088300000, 0x0000000088400000|  0%| F|  |TAMS 0x0000000088300000, 0x0000000088300000| Untracked 
|  44|0x0000000088400000, 0x0000000088400000, 0x0000000088500000|  0%| F|  |TAMS 0x0000000088400000, 0x0000000088400000| Untracked 
|  45|0x0000000088500000, 0x0000000088500000, 0x0000000088600000|  0%| F|  |TAMS 0x0000000088500000, 0x0000000088500000| Untracked 
|  46|0x0000000088600000, 0x0000000088600000, 0x0000000088700000|  0%| F|  |TAMS 0x0000000088600000, 0x0000000088600000| Untracked 
|  47|0x0000000088700000, 0x0000000088700000, 0x0000000088800000|  0%| F|  |TAMS 0x0000000088700000, 0x0000000088700000| Untracked 
|  48|0x0000000088800000, 0x0000000088800000, 0x0000000088900000|  0%| F|  |TAMS 0x0000000088800000, 0x0000000088800000| Untracked 
|  49|0x0000000088900000, 0x0000000088900000, 0x0000000088a00000|  0%| F|  |TAMS 0x0000000088900000, 0x0000000088900000| Untracked 
|  50|0x0000000088a00000, 0x0000000088a00000, 0x0000000088b00000|  0%| F|  |TAMS 0x0000000088a00000, 0x0000000088a00000| Untracked 
|  51|0x0000000088b00000, 0x0000000088b00000, 0x0000000088c00000|  0%| F|  |TAMS 0x0000000088b00000, 0x0000000088b00000| Untracked 
|  52|0x0000000088c00000, 0x0000000088c00000, 0x0000000088d00000|  0%| F|  |TAMS 0x0000000088c00000, 0x0000000088c00000| Untracked 
|  53|0x0000000088d00000, 0x0000000088d00000, 0x0000000088e00000|  0%| F|  |TAMS 0x0000000088d00000, 0x0000000088d00000| Untracked 
|  54|0x0000000088e00000, 0x0000000088e00000, 0x0000000088f00000|  0%| F|  |TAMS 0x0000000088e00000, 0x0000000088e00000| Untracked 
|  55|0x0000000088f00000, 0x0000000089000000, 0x0000000089000000|100%| E|  |TAMS 0x0000000088f00000, 0x0000000088f00000| Complete 
|  56|0x0000000089000000, 0x0000000089100000, 0x0000000089100000|100%| E|CS|TAMS 0x0000000089000000, 0x0000000089000000| Complete 
|  57|0x0000000089100000, 0x0000000089200000, 0x0000000089200000|100%| E|CS|TAMS 0x0000000089100000, 0x0000000089100000| Complete 
|  58|0x0000000089200000, 0x0000000089300000, 0x0000000089300000|100%| E|CS|TAMS 0x0000000089200000, 0x0000000089200000| Complete 
|  59|0x0000000089300000, 0x0000000089400000, 0x0000000089400000|100%| E|CS|TAMS 0x0000000089300000, 0x0000000089300000| Complete 
|  60|0x0000000089400000, 0x0000000089500000, 0x0000000089500000|100%| E|CS|TAMS 0x0000000089400000, 0x0000000089400000| Complete 
|  61|0x0000000089500000, 0x0000000089600000, 0x0000000089600000|100%| E|CS|TAMS 0x0000000089500000, 0x0000000089500000| Complete 
|  62|0x0000000089600000, 0x0000000089700000, 0x0000000089700000|100%| E|CS|TAMS 0x0000000089600000, 0x0000000089600000| Complete 
|  63|0x0000000089700000, 0x0000000089800000, 0x0000000089800000|100%| E|CS|TAMS 0x0000000089700000, 0x0000000089700000| Complete 
|  64|0x0000000089800000, 0x0000000089900000, 0x0000000089900000|100%| E|CS|TAMS 0x0000000089800000, 0x0000000089800000| Complete 
|  65|0x0000000089900000, 0x0000000089a00000, 0x0000000089a00000|100%| E|CS|TAMS 0x0000000089900000, 0x0000000089900000| Complete 
|  66|0x0000000089a00000, 0x0000000089b00000, 0x0000000089b00000|100%| E|CS|TAMS 0x0000000089a00000, 0x0000000089a00000| Complete 
|  67|0x0000000089b00000, 0x0000000089c00000, 0x0000000089c00000|100%| E|CS|TAMS 0x0000000089b00000, 0x0000000089b00000| Complete 
|  68|0x0000000089c00000, 0x0000000089d00000, 0x0000000089d00000|100%| E|CS|TAMS 0x0000000089c00000, 0x0000000089c00000| Complete 
|  69|0x0000000089d00000, 0x0000000089e00000, 0x0000000089e00000|100%| E|CS|TAMS 0x0000000089d00000, 0x0000000089d00000| Complete 
|  70|0x0000000089e00000, 0x0000000089f00000, 0x0000000089f00000|100%| E|CS|TAMS 0x0000000089e00000, 0x0000000089e00000| Complete 
|  71|0x0000000089f00000, 0x000000008a000000, 0x000000008a000000|100%| E|CS|TAMS 0x0000000089f00000, 0x0000000089f00000| Complete 
|  72|0x000000008a000000, 0x000000008a100000, 0x000000008a100000|100%| E|CS|TAMS 0x000000008a000000, 0x000000008a000000| Complete 
|  73|0x000000008a100000, 0x000000008a200000, 0x000000008a200000|100%| E|CS|TAMS 0x000000008a100000, 0x000000008a100000| Complete 
|  74|0x000000008a200000, 0x000000008a300000, 0x000000008a300000|100%| E|CS|TAMS 0x000000008a200000, 0x000000008a200000| Complete 
|  75|0x000000008a300000, 0x000000008a400000, 0x000000008a400000|100%| E|CS|TAMS 0x000000008a300000, 0x000000008a300000| Complete 
|  76|0x000000008a400000, 0x000000008a500000, 0x000000008a500000|100%| E|CS|TAMS 0x000000008a400000, 0x000000008a400000| Complete 
|  77|0x000000008a500000, 0x000000008a600000, 0x000000008a600000|100%| E|CS|TAMS 0x000000008a500000, 0x000000008a500000| Complete 
|  78|0x000000008a600000, 0x000000008a700000, 0x000000008a700000|100%| E|CS|TAMS 0x000000008a600000, 0x000000008a600000| Complete 
|  79|0x000000008a700000, 0x000000008a800000, 0x000000008a800000|100%| E|CS|TAMS 0x000000008a700000, 0x000000008a700000| Complete 
|  80|0x000000008a800000, 0x000000008a900000, 0x000000008a900000|100%| E|CS|TAMS 0x000000008a800000, 0x000000008a800000| Complete 
|  81|0x000000008a900000, 0x000000008aa00000, 0x000000008aa00000|100%| E|CS|TAMS 0x000000008a900000, 0x000000008a900000| Complete 
|  82|0x000000008aa00000, 0x000000008ab00000, 0x000000008ab00000|100%| E|CS|TAMS 0x000000008aa00000, 0x000000008aa00000| Complete 
|  83|0x000000008ab00000, 0x000000008ac00000, 0x000000008ac00000|100%| E|CS|TAMS 0x000000008ab00000, 0x000000008ab00000| Complete 
|  84|0x000000008ac00000, 0x000000008ad00000, 0x000000008ad00000|100%| E|CS|TAMS 0x000000008ac00000, 0x000000008ac00000| Complete 
|  85|0x000000008ad00000, 0x000000008ae00000, 0x000000008ae00000|100%| E|CS|TAMS 0x000000008ad00000, 0x000000008ad00000| Complete 
|  86|0x000000008ae00000, 0x000000008af00000, 0x000000008af00000|100%| E|CS|TAMS 0x000000008ae00000, 0x000000008ae00000| Complete 
|  87|0x000000008af00000, 0x000000008b000000, 0x000000008b000000|100%| E|CS|TAMS 0x000000008af00000, 0x000000008af00000| Complete 
|  88|0x000000008b000000, 0x000000008b100000, 0x000000008b100000|100%| E|CS|TAMS 0x000000008b000000, 0x000000008b000000| Complete 
|  89|0x000000008b100000, 0x000000008b200000, 0x000000008b200000|100%| E|CS|TAMS 0x000000008b100000, 0x000000008b100000| Complete 
|  90|0x000000008b200000, 0x000000008b300000, 0x000000008b300000|100%| E|CS|TAMS 0x000000008b200000, 0x000000008b200000| Complete 
|  91|0x000000008b300000, 0x000000008b400000, 0x000000008b400000|100%| E|CS|TAMS 0x000000008b300000, 0x000000008b300000| Complete 
|  92|0x000000008b400000, 0x000000008b500000, 0x000000008b500000|100%| E|CS|TAMS 0x000000008b400000, 0x000000008b400000| Complete 
|  93|0x000000008b500000, 0x000000008b600000, 0x000000008b600000|100%| E|CS|TAMS 0x000000008b500000, 0x000000008b500000| Complete 
|  94|0x000000008b600000, 0x000000008b700000, 0x000000008b700000|100%| E|CS|TAMS 0x000000008b600000, 0x000000008b600000| Complete 
|  95|0x000000008b700000, 0x000000008b800000, 0x000000008b800000|100%| E|CS|TAMS 0x000000008b700000, 0x000000008b700000| Complete 
|  96|0x000000008b800000, 0x000000008b900000, 0x000000008b900000|100%| E|CS|TAMS 0x000000008b800000, 0x000000008b800000| Complete 
|  97|0x000000008b900000, 0x000000008ba00000, 0x000000008ba00000|100%| E|CS|TAMS 0x000000008b900000, 0x000000008b900000| Complete 
|  98|0x000000008ba00000, 0x000000008bb00000, 0x000000008bb00000|100%| E|CS|TAMS 0x000000008ba00000, 0x000000008ba00000| Complete 
|  99|0x000000008bb00000, 0x000000008bc00000, 0x000000008bc00000|100%| E|CS|TAMS 0x000000008bb00000, 0x000000008bb00000| Complete 
| 100|0x000000008bc00000, 0x000000008bd00000, 0x000000008bd00000|100%| E|CS|TAMS 0x000000008bc00000, 0x000000008bc00000| Complete 
| 101|0x000000008bd00000, 0x000000008bd79628, 0x000000008be00000| 47%| S|CS|TAMS 0x000000008bd00000, 0x000000008bd00000| Complete 
| 102|0x000000008be00000, 0x000000008bf00000, 0x000000008bf00000|100%| E|CS|TAMS 0x000000008be00000, 0x000000008be00000| Complete 
| 103|0x000000008bf00000, 0x000000008c000000, 0x000000008c000000|100%| E|CS|TAMS 0x000000008bf00000, 0x000000008bf00000| Complete 
| 123|0x000000008d300000, 0x000000008d400000, 0x000000008d400000|100%| E|CS|TAMS 0x000000008d300000, 0x000000008d300000| Complete 

Card table byte_map: [0x00000249b7d10000,0x00000249b80f0000] _byte_map_base: 0x00000249b78e4000

Marking Bits (Prev, Next): (CMBitMap*) 0x00000249ad009a00, (CMBitMap*) 0x00000249ad009a40
 Prev Bits: [0x00000249b84d0000, 0x00000249ba370000)
 Next Bits: [0x00000249ba370000, 0x00000249bc210000)

Polling page: 0x00000249ac770000

Metaspace:

Usage:
  Non-class:     39.37 MB used.
      Class:      6.44 MB used.
       Both:     45.82 MB used.

Virtual space:
  Non-class space:       48.00 MB reserved,      39.56 MB ( 82%) committed,  6 nodes.
      Class space:        1.00 GB reserved,       6.56 MB ( <1%) committed,  1 nodes.
             Both:        1.05 GB reserved,      46.12 MB (  4%) committed. 

Chunk freelists:
   Non-Class:  3.70 MB
       Class:  1.36 MB
        Both:  5.06 MB

MaxMetaspaceSize: unlimited
CompressedClassSpaceSize: 1.00 GB
Initial GC threshold: 21.00 MB
Current GC threshold: 59.19 MB
CDS: on
MetaspaceReclaimPolicy: balanced
 - commit_granule_bytes: 65536.
 - commit_granule_words: 8192.
 - virtual_space_node_default_size: 1048576.
 - enlarge_chunks_in_place: 1.
 - new_chunks_are_fully_committed: 0.
 - uncommit_free_chunks: 1.
 - use_allocation_guard: 0.
 - handle_deallocations: 1.


Internal statistics:

num_allocs_failed_limit: 6.
num_arena_births: 438.
num_arena_deaths: 0.
num_vsnodes_births: 7.
num_vsnodes_deaths: 0.
num_space_committed: 738.
num_space_uncommitted: 0.
num_chunks_returned_to_freelist: 6.
num_chunks_taken_from_freelist: 2160.
num_chunk_merges: 6.
num_chunk_splits: 1541.
num_chunks_enlarged: 1189.
num_purges: 0.
num_inconsistent_stats: 0.

CodeCache: size=49152Kb used=10483Kb max_used=10483Kb free=38668Kb
 bounds [0x00000249b4810000, 0x00000249b5250000, 0x00000249b7810000]
 total_blobs=5449 nmethods=4853 adapters=520
 compilation: enabled
              stopped_count=0, restarted_count=0
 full_count=0

Compilation events (20 events):
Event: 11.932 Thread 0x00000249becb7330 nmethod 4844 0x00000249b5248090 code [0x00000249b5248280, 0x00000249b52487d8]
Event: 11.932 Thread 0x00000249becb7330 4845       1       org.springframework.util.AntPathMatcher::tokenizePath (14 bytes)
Event: 11.932 Thread 0x00000249becb7330 nmethod 4845 0x00000249b5248b10 code [0x00000249b5248ca0, 0x00000249b5248d88]
Event: 11.932 Thread 0x00000249c1ebfc50 nmethod 4842 0x00000249b5248e10 code [0x00000249b5249180, 0x00000249b524a158]
Event: 11.933 Thread 0x00000249c1ebfc50 4846       1       org.springframework.beans.AbstractNestablePropertyAccessor::getWrappedClass (8 bytes)
Event: 11.933 Thread 0x00000249c1ebfc50 nmethod 4846 0x00000249b524ae90 code [0x00000249b524b020, 0x00000249b524b1c8]
Event: 11.934 Thread 0x00000249c1671630 4848       1       org.springframework.orm.jpa.support.PersistenceAnnotationBeanPostProcessor$$Lambda$528/0x0000000800ef8630::<init> (20 bytes)
Event: 11.934 Thread 0x00000249bfe41600 4849       1       org.springframework.context.annotation.CommonAnnotationBeanPostProcessor$$Lambda$530/0x0000000800ef8c88::<init> (15 bytes)
Event: 11.934 Thread 0x00000249c1ebfc50 4847       1       org.springframework.orm.jpa.support.PersistenceAnnotationBeanPostProcessor$$Lambda$527/0x0000000800ef81f8::<init> (15 bytes)
Event: 11.934 Thread 0x00000249becb7330 4850       1       org.springframework.context.annotation.CommonAnnotationBeanPostProcessor$$Lambda$531/0x0000000800ef8ea8::<init> (20 bytes)
Event: 11.934 Thread 0x00000249bfe41600 nmethod 4849 0x00000249b524b310 code [0x00000249b524b4a0, 0x00000249b524b5f8]
Event: 11.934 Thread 0x00000249bfe41600 4851       1       org.springframework.beans.factory.annotation.AutowiredAnnotationBeanPostProcessor$$Lambda$532/0x0000000800ef90c8::<init> (15 bytes)
Event: 11.934 Thread 0x00000249c1671630 nmethod 4848 0x00000249b524b690 code [0x00000249b524b820, 0x00000249b524b9f8]
Event: 11.934 Thread 0x00000249c1671630 4852       1       org.springframework.beans.factory.annotation.AutowiredAnnotationBeanPostProcessor$$Lambda$533/0x0000000800ef92e8::<init> (20 bytes)
Event: 11.934 Thread 0x00000249c1ebfc50 nmethod 4847 0x00000249b524ba90 code [0x00000249b524bc20, 0x00000249b524bd78]
Event: 11.934 Thread 0x00000249becb7330 nmethod 4850 0x00000249b524be10 code [0x00000249b524bfa0, 0x00000249b524c178]
Event: 11.934 Thread 0x00000249bfe41600 nmethod 4851 0x00000249b524c210 code [0x00000249b524c3a0, 0x00000249b524c4f8]
Event: 11.934 Thread 0x00000249c1671630 nmethod 4852 0x00000249b524c590 code [0x00000249b524c720, 0x00000249b524c8f8]
Event: 11.934 Thread 0x00000249c1671630 4853       1       jdk.proxy2.$Proxy40::<init> (6 bytes)
Event: 11.935 Thread 0x00000249c1671630 nmethod 4853 0x00000249b524c990 code [0x00000249b524cb20, 0x00000249b524cce8]

GC Heap History (20 events):
Event: 1.812 GC heap before
{Heap before GC invocations=1 (full 0):
 garbage-first heap   total 126976K, used 30354K [0x0000000085800000, 0x0000000100000000)
  region size 1024K, 25 young (25600K), 3 survivors (3072K)
 Metaspace       used 10977K, committed 11264K, reserved 1064960K
  class space    used 1456K, committed 1600K, reserved 1048576K
}
Event: 1.816 GC heap after
{Heap after GC invocations=2 (full 0):
 garbage-first heap   total 126976K, used 9461K [0x0000000085800000, 0x0000000100000000)
  region size 1024K, 2 young (2048K), 2 survivors (2048K)
 Metaspace       used 10977K, committed 11264K, reserved 1064960K
  class space    used 1456K, committed 1600K, reserved 1048576K
}
Event: 5.191 GC heap before
{Heap before GC invocations=2 (full 0):
 garbage-first heap   total 126976K, used 58613K [0x0000000085800000, 0x0000000100000000)
  region size 1024K, 51 young (52224K), 2 survivors (2048K)
 Metaspace       used 17302K, committed 17664K, reserved 1064960K
  class space    used 2310K, committed 2496K, reserved 1048576K
}
Event: 5.194 GC heap after
{Heap after GC invocations=3 (full 0):
 garbage-first heap   total 126976K, used 12242K [0x0000000085800000, 0x0000000100000000)
  region size 1024K, 5 young (5120K), 5 survivors (5120K)
 Metaspace       used 17302K, committed 17664K, reserved 1064960K
  class space    used 2310K, committed 2496K, reserved 1048576K
}
Event: 9.132 GC heap before
{Heap before GC invocations=3 (full 0):
 garbage-first heap   total 126976K, used 39890K [0x0000000085800000, 0x0000000100000000)
  region size 1024K, 33 young (33792K), 5 survivors (5120K)
 Metaspace       used 21215K, committed 21504K, reserved 1073152K
  class space    used 2914K, committed 3072K, reserved 1048576K
}
Event: 9.136 GC heap after
{Heap after GC invocations=4 (full 0):
 garbage-first heap   total 126976K, used 14575K [0x0000000085800000, 0x0000000100000000)
  region size 1024K, 7 young (7168K), 7 survivors (7168K)
 Metaspace       used 21215K, committed 21504K, reserved 1073152K
  class space    used 2914K, committed 3072K, reserved 1048576K
}
Event: 9.449 GC heap before
{Heap before GC invocations=5 (full 0):
 garbage-first heap   total 55296K, used 42223K [0x0000000085800000, 0x0000000100000000)
  region size 1024K, 35 young (35840K), 7 survivors (7168K)
 Metaspace       used 24221K, committed 24576K, reserved 1073152K
  class space    used 3328K, committed 3456K, reserved 1048576K
}
Event: 9.455 GC heap after
{Heap after GC invocations=6 (full 0):
 garbage-first heap   total 55296K, used 17128K [0x0000000085800000, 0x0000000100000000)
  region size 1024K, 8 young (8192K), 8 survivors (8192K)
 Metaspace       used 24221K, committed 24576K, reserved 1073152K
  class space    used 3328K, committed 3456K, reserved 1048576K
}
Event: 9.466 GC heap before
{Heap before GC invocations=6 (full 0):
 garbage-first heap   total 55296K, used 18152K [0x0000000085800000, 0x0000000100000000)
  region size 1024K, 9 young (9216K), 8 survivors (8192K)
 Metaspace       used 24256K, committed 24640K, reserved 1073152K
  class space    used 3333K, committed 3520K, reserved 1048576K
}
Event: 9.470 GC heap after
{Heap after GC invocations=7 (full 0):
 garbage-first heap   total 55296K, used 17581K [0x0000000085800000, 0x0000000100000000)
  region size 1024K, 2 young (2048K), 2 survivors (2048K)
 Metaspace       used 24256K, committed 24640K, reserved 1073152K
  class space    used 3333K, committed 3520K, reserved 1048576K
}
Event: 9.835 GC heap before
{Heap before GC invocations=7 (full 0):
 garbage-first heap   total 55296K, used 38061K [0x0000000085800000, 0x0000000100000000)
  region size 1024K, 23 young (23552K), 2 survivors (2048K)
 Metaspace       used 29701K, committed 30080K, reserved 1081344K
  class space    used 4179K, committed 4352K, reserved 1048576K
}
Event: 9.837 GC heap after
{Heap after GC invocations=8 (full 0):
 garbage-first heap   total 55296K, used 17531K [0x0000000085800000, 0x0000000100000000)
  region size 1024K, 2 young (2048K), 2 survivors (2048K)
 Metaspace       used 29701K, committed 30080K, reserved 1081344K
  class space    used 4179K, committed 4352K, reserved 1048576K
}
Event: 11.251 GC heap before
{Heap before GC invocations=8 (full 0):
 garbage-first heap   total 55296K, used 40059K [0x0000000085800000, 0x0000000100000000)
  region size 1024K, 24 young (24576K), 2 survivors (2048K)
 Metaspace       used 35678K, committed 36096K, reserved 1081344K
  class space    used 4871K, committed 5056K, reserved 1048576K
}
Event: 11.254 GC heap after
{Heap after GC invocations=9 (full 0):
 garbage-first heap   total 55296K, used 19897K [0x0000000085800000, 0x0000000100000000)
  region size 1024K, 3 young (3072K), 3 survivors (3072K)
 Metaspace       used 35678K, committed 36096K, reserved 1081344K
  class space    used 4871K, committed 5056K, reserved 1048576K
}
Event: 11.259 GC heap before
{Heap before GC invocations=9 (full 0):
 garbage-first heap   total 55296K, used 19897K [0x0000000085800000, 0x0000000100000000)
  region size 1024K, 4 young (4096K), 3 survivors (3072K)
 Metaspace       used 35752K, committed 36096K, reserved 1081344K
  class space    used 4887K, committed 5056K, reserved 1048576K
}
Event: 11.261 GC heap after
{Heap after GC invocations=10 (full 0):
 garbage-first heap   total 55296K, used 20422K [0x0000000085800000, 0x0000000100000000)
  region size 1024K, 1 young (1024K), 1 survivors (1024K)
 Metaspace       used 35752K, committed 36096K, reserved 1081344K
  class space    used 4887K, committed 5056K, reserved 1048576K
}
Event: 11.523 GC heap before
{Heap before GC invocations=11 (full 0):
 garbage-first heap   total 55296K, used 41926K [0x0000000085800000, 0x0000000100000000)
  region size 1024K, 22 young (22528K), 1 survivors (1024K)
 Metaspace       used 40024K, committed 40448K, reserved 1089536K
  class space    used 5612K, committed 5824K, reserved 1048576K
}
Event: 11.525 GC heap after
{Heap after GC invocations=12 (full 0):
 garbage-first heap   total 107520K, used 20973K [0x0000000085800000, 0x0000000100000000)
  region size 1024K, 2 young (2048K), 2 survivors (2048K)
 Metaspace       used 40024K, committed 40448K, reserved 1089536K
  class space    used 5612K, committed 5824K, reserved 1048576K
}
Event: 11.545 GC heap before
{Heap before GC invocations=12 (full 0):
 garbage-first heap   total 107520K, used 24045K [0x0000000085800000, 0x0000000100000000)
  region size 1024K, 5 young (5120K), 2 survivors (2048K)
 Metaspace       used 40383K, committed 40704K, reserved 1089536K
  class space    used 5654K, committed 5824K, reserved 1048576K
}
Event: 11.547 GC heap after
{Heap after GC invocations=13 (full 0):
 garbage-first heap   total 107520K, used 21146K [0x0000000085800000, 0x0000000100000000)
  region size 1024K, 1 young (1024K), 1 survivors (1024K)
 Metaspace       used 40383K, committed 40704K, reserved 1089536K
  class space    used 5654K, committed 5824K, reserved 1048576K
}

Deoptimization events (14 events):
Event: 1.908 Thread 0x00000249c00f7f30 DEOPT PACKING pc=0x00000249b4d33399 sp=0x000000a02a7fcaf0
Event: 1.908 Thread 0x00000249c00f7f30 DEOPT UNPACKING pc=0x00000249b48666e3 sp=0x000000a02a7fbfd0 mode 3
Event: 5.607 Thread 0x00000249c00f7f30 DEOPT PACKING pc=0x00000249b4d43a24 sp=0x000000a02a7fcf90
Event: 5.607 Thread 0x00000249c00f7f30 DEOPT UNPACKING pc=0x00000249b48666e3 sp=0x000000a02a7fc4e8 mode 0
Event: 9.841 Thread 0x00000249c00f7f30 DEOPT PACKING pc=0x00000249b49449dd sp=0x000000a02a7f6580
Event: 9.841 Thread 0x00000249c00f7f30 DEOPT UNPACKING pc=0x00000249b48666e3 sp=0x000000a02a7f5ae8 mode 3
Event: 10.035 Thread 0x00000249c00f7f30 DEOPT PACKING pc=0x00000249b4d34701 sp=0x000000a02a7f9910
Event: 10.035 Thread 0x00000249c00f7f30 DEOPT UNPACKING pc=0x00000249b48666e3 sp=0x000000a02a7f8da0 mode 3
Event: 10.035 Thread 0x00000249c1df5dd0 DEOPT PACKING pc=0x00000249b4cb8e17 sp=0x000000a02aaff230
Event: 10.035 Thread 0x00000249c1df5dd0 DEOPT UNPACKING pc=0x00000249b48666e3 sp=0x000000a02aafe688 mode 3
Event: 11.727 Thread 0x00000249c00f7f30 DEOPT PACKING pc=0x00000249b4d6cf22 sp=0x000000a02a7fc330
Event: 11.727 Thread 0x00000249c00f7f30 DEOPT UNPACKING pc=0x00000249b48666e3 sp=0x000000a02a7fb838 mode 3
Event: 11.827 Thread 0x00000249c00f7f30 DEOPT PACKING pc=0x00000249b521c919 sp=0x000000a02a7fb9d0
Event: 11.827 Thread 0x00000249c00f7f30 DEOPT UNPACKING pc=0x00000249b48666e3 sp=0x000000a02a7faeb0 mode 3

Classes unloaded (0 events):
No events

Classes redefined (0 events):
No events

Internal exceptions (20 events):
Event: 11.791 Thread 0x00000249c00f7f30 Exception <a 'java/lang/ClassNotFoundException'{0x0000000089f3cd90}: java/lang/ObjectCustomizer> (0x0000000089f3cd90) 
thrown [s\open\src\hotspot\share\classfile\systemDictionary.cpp, line 256]
Event: 11.791 Thread 0x00000249c00f7f30 Exception <a 'java/lang/ClassNotFoundException'{0x0000000089f46a08}: org/springframework/security/config/annotation/authentication/configuration/AuthenticationConfigurationCustomizer> (0x0000000089f46a08) 
thrown [s\open\src\hotspot\share\classfile\systemDictionary.cpp, line 256]
Event: 11.802 Thread 0x00000249c00f7f30 Exception <a 'java/lang/ClassNotFoundException'{0x0000000089e73650}: java/lang/ObjectCustomizer> (0x0000000089e73650) 
thrown [s\open\src\hotspot\share\classfile\systemDictionary.cpp, line 256]
Event: 11.803 Thread 0x00000249c00f7f30 Exception <a 'java/lang/ClassNotFoundException'{0x0000000089e7d350}: org/springframework/web/servlet/config/annotation/WebMvcConfigurationSupportCustomizer> (0x0000000089e7d350) 
thrown [s\open\src\hotspot\share\classfile\systemDictionary.cpp, line 256]
Event: 11.803 Thread 0x00000249c00f7f30 Exception <a 'java/lang/ClassNotFoundException'{0x0000000089e934e8}: org/springframework/web/servlet/config/annotation/DelegatingWebMvcConfigurationCustomizer> (0x0000000089e934e8) 
thrown [s\open\src\hotspot\share\classfile\systemDictionary.cpp, line 256]
Event: 11.804 Thread 0x00000249c00f7f30 Exception <a 'java/lang/ClassNotFoundException'{0x0000000089e9ea18}: org/springframework/boot/autoconfigure/web/servlet/WebMvcAutoConfiguration$EnableWebMvcConfigurationCustomizer> (0x0000000089e9ea18) 
thrown [s\open\src\hotspot\share\classfile\systemDictionary.cpp, line 256]
Event: 11.804 Thread 0x00000249c00f7f30 Exception <a 'java/lang/ClassNotFoundException'{0x0000000089eb2898}: org/springframework/context/ResourceLoaderAwareCustomizer> (0x0000000089eb2898) 
thrown [s\open\src\hotspot\share\classfile\systemDictionary.cpp, line 256]
Event: 11.804 Thread 0x00000249c00f7f30 Exception <a 'java/lang/ClassNotFoundException'{0x0000000089eb9488}: org/springframework/beans/factory/AwareCustomizer> (0x0000000089eb9488) 
thrown [s\open\src\hotspot\share\classfile\systemDictionary.cpp, line 256]
Event: 11.805 Thread 0x00000249c00f7f30 Exception <a 'java/lang/ClassNotFoundException'{0x0000000089ebf528}: org/springframework/context/ApplicationContextAwareCustomizer> (0x0000000089ebf528) 
thrown [s\open\src\hotspot\share\classfile\systemDictionary.cpp, line 256]
Event: 11.805 Thread 0x00000249c00f7f30 Exception <a 'java/lang/ClassNotFoundException'{0x0000000089ec6c08}: org/springframework/beans/factory/AwareCustomizer> (0x0000000089ec6c08) 
thrown [s\open\src\hotspot\share\classfile\systemDictionary.cpp, line 256]
Event: 11.805 Thread 0x00000249c00f7f30 Exception <a 'java/lang/ClassNotFoundException'{0x0000000089eccc80}: org/springframework/web/context/ServletContextAwareCustomizer> (0x0000000089eccc80) 
thrown [s\open\src\hotspot\share\classfile\systemDictionary.cpp, line 256]
Event: 11.805 Thread 0x00000249c00f7f30 Exception <a 'java/lang/ClassNotFoundException'{0x0000000089ed3ca8}: org/springframework/beans/factory/AwareCustomizer> (0x0000000089ed3ca8) 
thrown [s\open\src\hotspot\share\classfile\systemDictionary.cpp, line 256]
Event: 11.837 Thread 0x00000249c00f7f30 Exception <a 'java/lang/ClassNotFoundException'{0x0000000089aabd00}: java/lang/ObjectCustomizer> (0x0000000089aabd00) 
thrown [s\open\src\hotspot\share\classfile\systemDictionary.cpp, line 256]
Event: 11.838 Thread 0x00000249c00f7f30 Exception <a 'java/lang/ClassNotFoundException'{0x0000000089ab5468}: org/springframework/security/config/annotation/web/configuration/WebSecurityConfigurationCustomizer> (0x0000000089ab5468) 
thrown [s\open\src\hotspot\share\classfile\systemDictionary.cpp, line 256]
Event: 11.838 Thread 0x00000249c00f7f30 Exception <a 'java/lang/ClassNotFoundException'{0x0000000089ac3818}: org/springframework/context/annotation/ImportAwareCustomizer> (0x0000000089ac3818) 
thrown [s\open\src\hotspot\share\classfile\systemDictionary.cpp, line 256]
Event: 11.838 Thread 0x00000249c00f7f30 Exception <a 'java/lang/ClassNotFoundException'{0x0000000089ac99b0}: org/springframework/beans/factory/AwareCustomizer> (0x0000000089ac99b0) 
thrown [s\open\src\hotspot\share\classfile\systemDictionary.cpp, line 256]
Event: 11.838 Thread 0x00000249c00f7f30 Exception <a 'java/lang/ClassNotFoundException'{0x0000000089acf100}: org/springframework/beans/factory/BeanClassLoaderAwareCustomizer> (0x0000000089acf100) 
thrown [s\open\src\hotspot\share\classfile\systemDictionary.cpp, line 256]
Event: 11.839 Thread 0x00000249c00f7f30 Exception <a 'java/lang/ClassNotFoundException'{0x0000000089ad5278}: org/springframework/beans/factory/AwareCustomizer> (0x0000000089ad5278) 
thrown [s\open\src\hotspot\share\classfile\systemDictionary.cpp, line 256]
Event: 11.897 Thread 0x00000249c00f7f30 Exception <a 'java/lang/ClassNotFoundException'{0x0000000089352c40}: java/lang/ObjectCustomizer> (0x0000000089352c40) 
thrown [s\open\src\hotspot\share\classfile\systemDictionary.cpp, line 256]
Event: 11.897 Thread 0x00000249c00f7f30 Exception <a 'java/lang/ClassNotFoundException'{0x000000008935c3a8}: org/springframework/security/config/annotation/web/configuration/HttpSecurityConfigurationCustomizer> (0x000000008935c3a8) 
thrown [s\open\src\hotspot\share\classfile\systemDictionary.cpp, line 256]

VM Operations (20 events):
Event: 11.545 Executing VM operation: G1CollectForAllocation
Event: 11.547 Executing VM operation: G1CollectForAllocation done
Event: 11.621 Executing VM operation: HandshakeAllThreads
Event: 11.621 Executing VM operation: HandshakeAllThreads done
Event: 11.707 Executing VM operation: HandshakeAllThreads
Event: 11.707 Executing VM operation: HandshakeAllThreads done
Event: 11.728 Executing VM operation: HandshakeAllThreads
Event: 11.728 Executing VM operation: HandshakeAllThreads done
Event: 11.729 Executing VM operation: HandshakeAllThreads
Event: 11.729 Executing VM operation: HandshakeAllThreads done
Event: 11.745 Executing VM operation: HandshakeAllThreads
Event: 11.745 Executing VM operation: HandshakeAllThreads done
Event: 11.818 Executing VM operation: HandshakeAllThreads
Event: 11.818 Executing VM operation: HandshakeAllThreads done
Event: 11.818 Executing VM operation: HandshakeAllThreads
Event: 11.818 Executing VM operation: HandshakeAllThreads done
Event: 11.829 Executing VM operation: ICBufferFull
Event: 11.829 Executing VM operation: ICBufferFull done
Event: 11.852 Executing VM operation: HandshakeAllThreads
Event: 11.852 Executing VM operation: HandshakeAllThreads done

Events (20 events):
Event: 11.849 loading class java/util/Base64
Event: 11.849 loading class java/util/Base64 done
Event: 11.849 loading class java/util/Base64$Encoder
Event: 11.850 loading class java/util/Base64$Encoder done
Event: 11.851 loading class java/nio/StringCharBuffer
Event: 11.851 loading class java/nio/StringCharBuffer done
Event: 11.883 loading class java/util/Comparators$NullComparator
Event: 11.884 loading class java/util/Comparators$NullComparator done
Event: 11.897 loading class java/lang/ObjectCustomizer
Event: 11.897 loading class java/lang/ObjectCustomizer done
Event: 11.897 loading class java/lang/ObjectCustomizer
Event: 11.897 loading class java/lang/ObjectCustomizer done
Event: 11.914 loading class java/util/concurrent/Flow$Publisher
Event: 11.914 loading class java/util/concurrent/Flow$Publisher done
Event: 11.925 loading class java/util/EnumMap$EntrySet
Event: 11.925 loading class java/util/EnumMap$EntrySet done
Event: 11.925 loading class java/util/EnumMap$EntryIterator
Event: 11.926 loading class java/util/EnumMap$EnumMapIterator
Event: 11.926 loading class java/util/EnumMap$EnumMapIterator done
Event: 11.926 loading class java/util/EnumMap$EntryIterator done


Dynamic libraries:
0x00007ff676680000 - 0x00007ff676690000 	C:\Program Files\Java\jdk-17.0.5\bin\java.exe
0x00007ffb99d50000 - 0x00007ffb99f64000 	C:\WINDOWS\SYSTEM32\ntdll.dll
0x00007ffb50fc0000 - 0x00007ffb50fd9000 	C:\Program Files\Avast Software\Avast\aswhook.dll
0x00007ffb97d10000 - 0x00007ffb97dd4000 	C:\WINDOWS\System32\KERNEL32.DLL
0x00007ffb973f0000 - 0x00007ffb97794000 	C:\WINDOWS\System32\KERNELBASE.dll
0x00007ffb97130000 - 0x00007ffb97241000 	C:\WINDOWS\System32\ucrtbase.dll
0x00007ffb50fe0000 - 0x00007ffb50ff8000 	C:\Program Files\Java\jdk-17.0.5\bin\jli.dll
0x00007ffb99900000 - 0x00007ffb999b0000 	C:\WINDOWS\System32\ADVAPI32.dll
0x00007ffb97b10000 - 0x00007ffb97bb7000 	C:\WINDOWS\System32\msvcrt.dll
0x00007ffb97e40000 - 0x00007ffb97ee6000 	C:\WINDOWS\System32\sechost.dll
0x00007ffb98370000 - 0x00007ffb98487000 	C:\WINDOWS\System32\RPCRT4.dll
0x00007ffb999b0000 - 0x00007ffb99b5a000 	C:\WINDOWS\System32\USER32.dll
0x00007ffb973c0000 - 0x00007ffb973e6000 	C:\WINDOWS\System32\win32u.dll
0x00007ffb99bd0000 - 0x00007ffb99bf9000 	C:\WINDOWS\System32\GDI32.dll
0x00007ffb97810000 - 0x00007ffb97929000 	C:\WINDOWS\System32\gdi32full.dll
0x00007ffb979f0000 - 0x00007ffb97a8a000 	C:\WINDOWS\System32\msvcp_win.dll
0x00007ffb50da0000 - 0x00007ffb50dba000 	C:\Program Files\Java\jdk-17.0.5\bin\VCRUNTIME140.dll
0x00007ffb784e0000 - 0x00007ffb7876f000 	C:\WINDOWS\WinSxS\amd64_microsoft.windows.common-controls_6595b64144ccf1df_6.0.22621.2070_none_2713e6537381f706\COMCTL32.dll
0x00007ffb8a850000 - 0x00007ffb8a85a000 	C:\WINDOWS\SYSTEM32\VERSION.dll
0x00007ffb97cd0000 - 0x00007ffb97d01000 	C:\WINDOWS\System32\IMM32.DLL
0x00007ffb55cd0000 - 0x00007ffb55cdc000 	C:\Program Files\Java\jdk-17.0.5\bin\vcruntime140_1.dll
0x00007ffb3da80000 - 0x00007ffb3db0d000 	C:\Program Files\Java\jdk-17.0.5\bin\msvcp140.dll
0x00007ffb31240000 - 0x00007ffb31e02000 	C:\Program Files\Java\jdk-17.0.5\bin\server\jvm.dll
0x00007ffb98c20000 - 0x00007ffb98c28000 	C:\WINDOWS\System32\PSAPI.DLL
0x00007ffb75820000 - 0x00007ffb75829000 	C:\WINDOWS\SYSTEM32\WSOCK32.dll
0x00007ffb99c80000 - 0x00007ffb99cf1000 	C:\WINDOWS\System32\WS2_32.dll
0x00007ffb8b150000 - 0x00007ffb8b184000 	C:\WINDOWS\SYSTEM32\WINMM.dll
0x00007ffb961e0000 - 0x00007ffb961f8000 	C:\WINDOWS\SYSTEM32\kernel.appcore.dll
0x00007ffb50c10000 - 0x00007ffb50c1a000 	C:\Program Files\Java\jdk-17.0.5\bin\jimage.dll
0x00007ffb94a20000 - 0x00007ffb94c4e000 	C:\WINDOWS\SYSTEM32\DBGHELP.DLL
0x00007ffb98590000 - 0x00007ffb9891a000 	C:\WINDOWS\System32\combase.dll
0x00007ffb97ef0000 - 0x00007ffb97fc7000 	C:\WINDOWS\System32\OLEAUT32.dll
0x00007ffb7ce00000 - 0x00007ffb7ce32000 	C:\WINDOWS\SYSTEM32\dbgcore.DLL
0x00007ffb97a90000 - 0x00007ffb97b0a000 	C:\WINDOWS\System32\bcryptPrimitives.dll
0x00007ffb471d0000 - 0x00007ffb471f5000 	C:\Program Files\Java\jdk-17.0.5\bin\java.dll
0x00007ffb3d6d0000 - 0x00007ffb3d7a6000 	C:\Program Files\Java\jdk-17.0.5\bin\jsvml.dll
0x00007ffb98c50000 - 0x00007ffb99466000 	C:\WINDOWS\System32\SHELL32.dll
0x00007ffb950c0000 - 0x00007ffb959aa000 	C:\WINDOWS\SYSTEM32\windows.storage.dll
0x00007ffb94f80000 - 0x00007ffb950be000 	C:\WINDOWS\SYSTEM32\wintypes.dll
0x00007ffb98490000 - 0x00007ffb98583000 	C:\WINDOWS\System32\SHCORE.dll
0x00007ffb97c70000 - 0x00007ffb97cce000 	C:\WINDOWS\System32\shlwapi.dll
0x00007ffb97060000 - 0x00007ffb97086000 	C:\WINDOWS\SYSTEM32\profapi.dll
0x00007ffb4b4b0000 - 0x00007ffb4b4c9000 	C:\Program Files\Java\jdk-17.0.5\bin\net.dll
0x00007ffb8f890000 - 0x00007ffb8f9c7000 	C:\WINDOWS\SYSTEM32\WINHTTP.dll
0x00007ffb966e0000 - 0x00007ffb96749000 	C:\WINDOWS\system32\mswsock.dll
0x00007ffb48ae0000 - 0x00007ffb48af6000 	C:\Program Files\Java\jdk-17.0.5\bin\nio.dll
0x00007ffb47980000 - 0x00007ffb47998000 	C:\Program Files\Java\jdk-17.0.5\bin\zip.dll
0x00007ffb95c30000 - 0x00007ffb95d23000 	C:\WINDOWS\SYSTEM32\DNSAPI.dll
0x00007ffb95c00000 - 0x00007ffb95c2d000 	C:\WINDOWS\SYSTEM32\IPHLPAPI.DLL
0x00007ffb98920000 - 0x00007ffb98929000 	C:\WINDOWS\System32\NSI.dll
0x00007ffb8a2f0000 - 0x00007ffb8a2fa000 	C:\Windows\System32\rasadhlp.dll
0x00007ffb8a300000 - 0x00007ffb8a384000 	C:\WINDOWS\System32\fwpuclnt.dll
0x00007ffb4b3a0000 - 0x00007ffb4b3a9000 	C:\Program Files\Java\jdk-17.0.5\bin\management.dll
0x00007ffb471c0000 - 0x00007ffb471cb000 	C:\Program Files\Java\jdk-17.0.5\bin\management_ext.dll
0x00007ffb96930000 - 0x00007ffb9694b000 	C:\WINDOWS\SYSTEM32\CRYPTSP.dll
0x00007ffb96150000 - 0x00007ffb96185000 	C:\WINDOWS\system32\rsaenh.dll
0x00007ffb967d0000 - 0x00007ffb967fc000 	C:\WINDOWS\SYSTEM32\USERENV.dll
0x00007ffb96ad0000 - 0x00007ffb96af8000 	C:\WINDOWS\SYSTEM32\bcrypt.dll
0x00007ffb96950000 - 0x00007ffb9695c000 	C:\WINDOWS\SYSTEM32\CRYPTBASE.dll
0x00007ffb8b130000 - 0x00007ffb8b149000 	C:\WINDOWS\SYSTEM32\dhcpcsvc6.DLL
0x00007ffb8b110000 - 0x00007ffb8b12f000 	C:\WINDOWS\SYSTEM32\dhcpcsvc.DLL
0x00007ffb6c7f0000 - 0x00007ffb6c807000 	C:\WINDOWS\system32\napinsp.dll
0x00007ffb6c7d0000 - 0x00007ffb6c7eb000 	C:\WINDOWS\system32\pnrpnsp.dll
0x00007ffb6c7b0000 - 0x00007ffb6c7c1000 	C:\WINDOWS\System32\winrnr.dll
0x00007ffb8adc0000 - 0x00007ffb8add5000 	C:\WINDOWS\system32\wshbth.dll
0x00007ffb6c780000 - 0x00007ffb6c7a1000 	C:\WINDOWS\system32\nlansp_c.dll
0x00007ffb7c690000 - 0x00007ffb7c6aa000 	C:\Program Files\IntellijU\bin\breakgen64.dll
0x00007ffb471b0000 - 0x00007ffb471be000 	C:\Program Files\Java\jdk-17.0.5\bin\sunmscapi.dll
0x00007ffb97250000 - 0x00007ffb973b7000 	C:\WINDOWS\System32\CRYPT32.dll
0x00007ffb96aa0000 - 0x00007ffb96ace000 	C:\WINDOWS\SYSTEM32\ncrypt.dll
0x00007ffb96a60000 - 0x00007ffb96a97000 	C:\WINDOWS\SYSTEM32\NTASN1.dll

dbghelp: loaded successfully - version: 4.0.5 - missing functions: none
symbol engine: initialized successfully - sym options: 0x614 - pdb path: .;C:\Program Files\Java\jdk-17.0.5\bin;C:\WINDOWS\SYSTEM32;C:\Program Files\Avast Software\Avast;C:\WINDOWS\WinSxS\amd64_microsoft.windows.common-controls_6595b64144ccf1df_6.0.22621.2070_none_2713e6537381f706;C:\Program Files\Java\jdk-17.0.5\bin\server;C:\Program Files\IntellijU\bin

VM Arguments:
jvm_args: -XX:TieredStopAtLevel=1 -Xverify:none -Dspring.output.ansi.enabled=always -Dcom.sun.management.jmxremote -Dspring.jmx.enabled=true -Dspring.liveBeansView.mbeanDomain -Dspring.application.admin.enabled=true -Didea.launcher.port=54804 -Didea.launcher.bin.path=C:\Program Files\IntellijU\bin -Dfile.encoding=UTF-8 
java_command: com.intellij.rt.execution.application.AppMainV2 com.businesscenterservices.businesscenterservices.BusinesscenterservicesApplication
java_class_path (initial): E:\CRM\Application\businesscenterservices\target\classes;C:\Users\HP\.m2\repository\io\jsonwebtoken\jjwt\0.9.1\jjwt-0.9.1.jar;C:\Users\HP\.m2\repository\com\fasterxml\jackson\core\jackson-databind\2.13.4\jackson-databind-2.13.4.jar;C:\Users\HP\.m2\repository\com\fasterxml\jackson\core\jackson-annotations\2.13.4\jackson-annotations-2.13.4.jar;C:\Users\HP\.m2\repository\com\fasterxml\jackson\core\jackson-core\2.13.4\jackson-core-2.13.4.jar;C:\Users\HP\.m2\repository\org\springframework\boot\spring-boot-starter-data-jpa\2.7.4\spring-boot-starter-data-jpa-2.7.4.jar;C:\Users\HP\.m2\repository\org\springframework\boot\spring-boot-starter-aop\2.7.4\spring-boot-starter-aop-2.7.4.jar;C:\Users\HP\.m2\repository\org\aspectj\aspectjweaver\1.9.7\aspectjweaver-1.9.7.jar;C:\Users\HP\.m2\repository\org\springframework\boot\spring-boot-starter-jdbc\2.7.4\spring-boot-starter-jdbc-2.7.4.jar;C:\Users\HP\.m2\repository\com\zaxxer\HikariCP\4.0.3\HikariCP-4.0.3.jar;C:\Users\HP\.m2\repository\org\springframework\spring-jdbc\5.3.23\spring-jdbc-5.3.23.jar;C:\Users\HP\.m2\repository\jakarta\transaction\jakarta.transaction-api\1.3.3\jakarta.transaction-api-1.3.3.jar;C:\Users\HP\.m2\repository\jakarta\persistence\jakarta.persistence-api\2.2.3\jakarta.persistence-api-2.2.3.jar;C:\Users\HP\.m2\repository\org\hibernate\hibernate-core\5.6.11.Final\hibernate-core-5.6.11.Final.jar;C:\Users\HP\.m2\repository\org\jboss\logging\jboss-logging\3.4.3.Final\jboss-logging-3.4.3.Final.jar;C:\Users\HP\.m2\repository\net\bytebuddy\byte-buddy\1.12.17\byte-buddy-1.12.17.jar;C:\Users\HP\.m2\repository\antlr\antlr\2.7.7\antlr-2.7.7.jar;C:\Users\HP\.m2\repository\org\jboss\jandex\2.4.2.Final\jandex-2.4.2.Final.jar;C:\Users\HP\.m2\repository\com\fasterxml\classmate\1.5.1\classmate-1.5.1.jar;C:\Users\HP\.m2\repository\org\hibernate\common\hibernate-commons-annotations\5.1.2.Final\hibernate-commons-annotations-5.1.2.Final.jar;C:\Users\HP\.m2\repository\org\glassfish\jaxb\jaxb-runtime\2.3.6\
Launcher Type: SUN_STANDARD

[Global flags]
     intx CICompilerCount                          = 4                                         {product} {ergonomic}
     uint ConcGCThreads                            = 2                                         {product} {ergonomic}
     uint G1ConcRefinementThreads                  = 8                                         {product} {ergonomic}
   size_t G1HeapRegionSize                         = 1048576                                   {product} {ergonomic}
    uintx GCDrainStackTargetSize                   = 64                                        {product} {ergonomic}
   size_t InitialHeapSize                          = 130023424                                 {product} {ergonomic}
     bool ManagementServer                         = true                                      {product} {command line}
   size_t MarkStackSize                            = 4194304                                   {product} {ergonomic}
   size_t MaxHeapSize                              = 2055208960                                {product} {ergonomic}
   size_t MaxNewSize                               = 1233125376                                {product} {ergonomic}
   size_t MinHeapDeltaBytes                        = 1048576                                   {product} {ergonomic}
   size_t MinHeapSize                              = 8388608                                   {product} {ergonomic}
    uintx NonProfiledCodeHeapSize                  = 0                                      {pd product} {ergonomic}
     bool ProfileInterpreter                       = false                                  {pd product} {command line}
    uintx ProfiledCodeHeapSize                     = 0                                      {pd product} {ergonomic}
   size_t SoftMaxHeapSize                          = 2055208960                             {manageable} {ergonomic}
     intx TieredStopAtLevel                        = 1                                         {product} {command line}
     bool UseCompressedClassPointers               = true                           {product lp64_product} {ergonomic}
     bool UseCompressedOops                        = true                           {product lp64_product} {ergonomic}
     bool UseG1GC                                  = true                                      {product} {ergonomic}
     bool UseLargePagesIndividualAllocation        = false                                  {pd product} {ergonomic}

Logging:
Log output configuration:
 #0: stdout all=warning uptime,level,tags
 #1: stderr all=off uptime,level,tags

Environment Variables:
JAVA_HOME=C:\Program Files\Java\jdk-11.0.14
PATH=C:\Program Files\Common Files\Oracle\Java\javapath;C:\Program Files (x86)\Common Files\Oracle\Java\javapath;C:\Program Files\Microsoft MPI\Bin\;C:\ProgramData\Oracle\Java\javapath;C:\WINDOWS\system32;C:\WINDOWS;C:\WINDOWS\System32\Wbem;C:\WINDOWS\System32\WindowsPowerShell\v1.0\;C:\WINDOWS\System32\OpenSSH\;C:\Program Files\Git\cmd;C:\Program Files\Microsoft SQL Server\130\Tools\Binn\;C:\Program Files (x86)\Microsoft SQL Server\110\DTS\Binn\;C:\Program Files (x86)\Microsoft SQL Server\120\DTS\Binn\;C:\Program Files (x86)\Microsoft SQL Server\130\DTS\Binn\;C:\Program Files (x86)\Microsoft SQL Server\140\DTS\Binn\;C:\Program Files (x86)\Microsoft SQL Server\150\DTS\Binn\;C:\Program Files\Docker\Docker\resources\bin;C:\ProgramData\DockerDesktop\version-bin;C:\Program Files (x86)\Microsoft SQL Server\140\Tools\Binn\;C:\Program Files\Microsoft SQL Server\140\Tools\Binn\;C:\Program Files\Microsoft SQL Server\140\DTS\Binn\;C:\Program Files\Microsoft SQL Server\Client SDK\ODBC\130\Tools\Binn\;C:\Program Files (x86)\Microsoft SQL Server\Client SDK\ODBC\130\Tools\Binn\;C:\Program Files (x86)\Microsoft SQL Server\140\Tools\Binn\ManagementStudio\;C:\Program Files\apache-maven-3.8.4\bin;C:\wamp64\bin\php\php7.4.26;C:\ProgramData\ComposerSetup\bin;C:\Program Files\Java\jdk1.8.0_45\bin;C:\Program Files\Java\jdk-17.0.5\bin;C:\Program Files (x86)\nodejs\;C:\Users\HP\AppData\Local\Microsoft\WindowsApps;C:\Users\HP\AppData\Local\Programs\Microsoft VS Code\bin;E:\Projets Flutter\flutter\bin;C:\Program Files (x86)\clisp-2.49;C:\Program Files\JetBrains\PyCharm Community Edition 2022.1.3\bin;;C:\Users\HP\AppData\Roaming\Composer\vendor\bin;C:\Users\HP\AppData\Roaming\npm
USERNAME=HP
OS=Windows_NT
PROCESSOR_IDENTIFIER=Intel64 Family 6 Model 140 Stepping 1, GenuineIntel



---------------  S Y S T E M  ---------------

OS:
 Windows 11 , 64 bit Build 22621 (10.0.22621.2070)
OS uptime: 0 days 14:48 hours
Hyper-V role detected

CPU: total 8 (initial active 8) (4 cores per cpu, 2 threads per core) family 6 model 140 stepping 1 microcode 0xaa, cx8, cmov, fxsr, ht, mmx, 3dnowpref, sse, sse2, sse3, ssse3, sse4.1, sse4.2, popcnt, lzcnt, tsc, tscinvbit, avx, avx2, aes, erms, clmul, bmi1, bmi2, adx, avx512f, avx512dq, avx512cd, avx512bw, avx512vl, sha, fma, vzeroupper, avx512_vpopcntdq, avx512_vpclmulqdq, avx512_vaes, avx512_vnni, clflush, clflushopt, clwb, avx512_vbmi2, avx512_vbmi, hv

Memory: 4k page, system-wide physical 7834M (357M free)
TotalPageFile size 31386M (AvailPageFile size 0M)
current process WorkingSet (physical memory assigned to process): 212M, peak: 212M
current process commit charge ("private bytes"): 265M, peak: 265M

vm_info: Java HotSpot(TM) 64-Bit Server VM (17.0.5+9-LTS-191) for windows-amd64 JRE (17.0.5+9-LTS-191), built on Sep 13 2022 17:31:43 by "mach5one" with MS VC++ 16.8 / 16.9 (VS2019)

END.
