#
# There is insufficient memory for the Java Runtime Environment to continue.
# Native memory allocation (mmap) failed to map 46137344 bytes for G1 virtual space
# Possible reasons:
#   The system is out of physical RAM or swap space
#   The process is running with CompressedOops enabled, and the Java Heap may be blocking the growth of the native heap
# Possible solutions:
#   Reduce memory load on the system
#   Increase physical memory or swap space
#   Check if swap backing store is full
#   Decrease Java heap size (-Xmx/-Xms)
#   Decrease number of Java threads
#   Decrease Java thread stack sizes (-Xss)
#   Set larger code cache with -XX:ReservedCodeCacheSize=
#   JVM is running with Unscaled Compressed Oops mode in which the Java heap is
#     placed in the first 4GB address space. The Java Heap base address is the
#     maximum limit for the native heap growth. Please use -XX:HeapBaseMinAddress
#     to set the Java Heap base and to place the Java Heap above 4GB virtual address.
# This output file may be truncated or incomplete.
#
#  Out of Memory Error (os_windows.cpp:3541), pid=3604, tid=2344
#
# JRE version: Java(TM) SE Runtime Environment (17.0.5+9) (build 17.0.5+9-LTS-191)
# Java VM: Java HotSpot(TM) 64-Bit Server VM (17.0.5+9-LTS-191, mixed mode, emulated-client, sharing, tiered, compressed oops, compressed class ptrs, g1 gc, windows-amd64)
# No core dump will be written. Minidumps are not enabled by default on client versions of Windows
#

---------------  S U M M A R Y ------------

Command Line: -XX:TieredStopAtLevel=1 -Xverify:none -Dspring.output.ansi.enabled=always -Dcom.sun.management.jmxremote -Dspring.jmx.enabled=true -Dspring.liveBeansView.mbeanDomain -Dspring.application.admin.enabled=true -Didea.launcher.port=53793 -Didea.launcher.bin.path=C:\Program Files\IntellijU\bin -Dfile.encoding=UTF-8 com.intellij.rt.execution.application.AppMainV2 com.businesscenterservices.businesscenterservices.BusinesscenterservicesApplication

Host: 11th Gen Intel(R) Core(TM) i7-1165G7 @ 2.80GHz, 8 cores, 7G,  Windows 11 , 64 bit Build 22621 (10.0.22621.2070)
Time: Tue Aug 22 14:50:23 2023 Greenwich elapsed time: 5.607636 seconds (0d 0h 0m 5s)

---------------  T H R E A D  ---------------

Current thread (0x00000216a72aea60):  VMThread "VM Thread" [stack: 0x00000083a9300000,0x00000083a9400000] [id=2344]

Stack: [0x00000083a9300000,0x00000083a9400000]
Native frames: (J=compiled Java code, j=interpreted, Vv=VM code, C=native code)
V  [jvm.dll+0x672eea]
V  [jvm.dll+0x7d2a04]
V  [jvm.dll+0x7d41ae]
V  [jvm.dll+0x7d4813]
V  [jvm.dll+0x242c15]
V  [jvm.dll+0x66fe09]
V  [jvm.dll+0x664682]
V  [jvm.dll+0x300e8b]
V  [jvm.dll+0x308426]
V  [jvm.dll+0x357ffe]
V  [jvm.dll+0x35822f]
V  [jvm.dll+0x2d80a8]
V  [jvm.dll+0x2d6374]
V  [jvm.dll+0x2d597c]
V  [jvm.dll+0x3193eb]
V  [jvm.dll+0x7d8ceb]
V  [jvm.dll+0x7d9a24]
V  [jvm.dll+0x7d9f3c]
V  [jvm.dll+0x7da314]
V  [jvm.dll+0x7da3e0]
V  [jvm.dll+0x782b4a]
V  [jvm.dll+0x671d75]
C  [ucrtbase.dll+0x29363]
C  [KERNEL32.DLL+0x126ad]
C  [ntdll.dll+0x5aa68]

VM_Operation (0x00000083a9dfe650): G1CollectForAllocation, mode: safepoint, requested by thread 0x00000216a729cdc0


---------------  P R O C E S S  ---------------

Threads class SMR info:
_java_thread_list=0x00000216aa75b360, length=22, elements={
0x00000216935ef3e0, 0x00000216a72b4400, 0x00000216a72b4db0, 0x00000216a72c6710,
0x00000216a72c80d0, 0x00000216a72c9090, 0x00000216a72c9a40, 0x00000216a72ce7c0,
0x00000216a72d91d0, 0x00000216a7df9820, 0x00000216a729cdc0, 0x00000216a7e3c260,
0x00000216a82ff330, 0x00000216a82fd190, 0x00000216a86257e0, 0x00000216a8284330,
0x00000216a9bbad30, 0x00000216a9bbb200, 0x00000216a9e02a90, 0x00000216a9bbb6d0,
0x00000216aa396060, 0x00000216aa396ed0
}

Java Threads: ( => current thread )
  0x00000216935ef3e0 JavaThread "main" [_thread_blocked, id=15116, stack(0x00000083a8d00000,0x00000083a8e00000)]
  0x00000216a72b4400 JavaThread "Reference Handler" daemon [_thread_blocked, id=9840, stack(0x00000083a9400000,0x00000083a9500000)]
  0x00000216a72b4db0 JavaThread "Finalizer" daemon [_thread_blocked, id=2876, stack(0x00000083a9500000,0x00000083a9600000)]
  0x00000216a72c6710 JavaThread "Signal Dispatcher" daemon [_thread_blocked, id=18856, stack(0x00000083a9600000,0x00000083a9700000)]
  0x00000216a72c80d0 JavaThread "Attach Listener" daemon [_thread_blocked, id=8852, stack(0x00000083a9700000,0x00000083a9800000)]
  0x00000216a72c9090 JavaThread "Service Thread" daemon [_thread_blocked, id=5284, stack(0x00000083a9800000,0x00000083a9900000)]
  0x00000216a72c9a40 JavaThread "Monitor Deflation Thread" daemon [_thread_blocked, id=17144, stack(0x00000083a9900000,0x00000083a9a00000)]
  0x00000216a72ce7c0 JavaThread "C1 CompilerThread0" daemon [_thread_blocked, id=18512, stack(0x00000083a9a00000,0x00000083a9b00000)]
  0x00000216a72d91d0 JavaThread "Sweeper thread" daemon [_thread_blocked, id=19168, stack(0x00000083a9b00000,0x00000083a9c00000)]
  0x00000216a7df9820 JavaThread "Common-Cleaner" daemon [_thread_blocked, id=7116, stack(0x00000083a9c00000,0x00000083a9d00000)]
  0x00000216a729cdc0 JavaThread "C1 CompilerThread1" daemon [_thread_blocked, id=6864, stack(0x00000083a9d00000,0x00000083a9e00000)]
  0x00000216a7e3c260 JavaThread "Notification Thread" daemon [_thread_blocked, id=14792, stack(0x00000083a9f00000,0x00000083aa000000)]
  0x00000216a82ff330 JavaThread "RMI TCP Accept-0" daemon [_thread_in_native, id=8096, stack(0x00000083aa000000,0x00000083aa100000)]
  0x00000216a82fd190 JavaThread "Monitor Ctrl-Break" daemon [_thread_in_native, id=2072, stack(0x00000083aa200000,0x00000083aa300000)]
  0x00000216a86257e0 JavaThread "Thread-0" [_thread_blocked, id=8532, stack(0x00000083aa400000,0x00000083aa500000)]
  0x00000216a8284330 JavaThread "restartedMain" [_thread_blocked, id=20084, stack(0x00000083aae00000,0x00000083aaf00000)]
  0x00000216a9bbad30 JavaThread "Catalina-utility-1" [_thread_blocked, id=17608, stack(0x00000083ab000000,0x00000083ab100000)]
  0x00000216a9bbb200 JavaThread "Catalina-utility-2" [_thread_blocked, id=19564, stack(0x00000083ab100000,0x00000083ab200000)]
  0x00000216a9e02a90 JavaThread "container-0" [_thread_blocked, id=16756, stack(0x00000083ab200000,0x00000083ab300000)]
  0x00000216a9bbb6d0 JavaThread "mysql-cj-abandoned-connection-cleanup" daemon [_thread_blocked, id=18236, stack(0x00000083ab300000,0x00000083ab400000)]
  0x00000216aa396060 JavaThread "HikariPool-1 housekeeper" daemon [_thread_blocked, id=17932, stack(0x00000083ab500000,0x00000083ab600000)]
  0x00000216aa396ed0 JavaThread "HikariPool-1 connection adder" daemon [_thread_blocked, id=14784, stack(0x00000083ab600000,0x00000083ab700000)]

Other Threads:
=>0x00000216a72aea60 VMThread "VM Thread" [stack: 0x00000083a9300000,0x00000083a9400000] [id=2344]
  0x00000216a82ef180 WatcherThread [stack: 0x00000083aa100000,0x00000083aa200000] [id=2160]
  0x00000216936494c0 GCTaskThread "GC Thread#0" [stack: 0x00000083a8e00000,0x00000083a8f00000] [id=6688]
  0x00000216a862c7a0 GCTaskThread "GC Thread#1" [stack: 0x00000083aa500000,0x00000083aa600000] [id=19728]
  0x00000216a862ca50 GCTaskThread "GC Thread#2" [stack: 0x00000083aa600000,0x00000083aa700000] [id=19976]
  0x00000216a862d520 GCTaskThread "GC Thread#3" [stack: 0x00000083aa700000,0x00000083aa800000] [id=700]
  0x00000216a8650680 GCTaskThread "GC Thread#4" [stack: 0x00000083aa800000,0x00000083aa900000] [id=3564]
  0x00000216a8654b50 GCTaskThread "GC Thread#5" [stack: 0x00000083aa900000,0x00000083aaa00000] [id=12264]
  0x00000216a8655210 GCTaskThread "GC Thread#6" [stack: 0x00000083aaa00000,0x00000083aab00000] [id=18664]
  0x00000216a8655940 GCTaskThread "GC Thread#7" [stack: 0x00000083aab00000,0x00000083aac00000] [id=18608]
  0x0000021693659900 ConcurrentGCThread "G1 Main Marker" [stack: 0x00000083a8f00000,0x00000083a9000000] [id=9308]
  0x000002169365b480 ConcurrentGCThread "G1 Conc#0" [stack: 0x00000083a9000000,0x00000083a9100000] [id=7028]
  0x00000216a9ca6af0 ConcurrentGCThread "G1 Conc#1" [stack: 0x00000083aaf00000,0x00000083ab000000] [id=18668]
  0x00000216a7155f70 ConcurrentGCThread "G1 Refine#0" [stack: 0x00000083a9100000,0x00000083a9200000] [id=8124]
  0x00000216a7fdb1e0 ConcurrentGCThread "G1 Refine#1" [stack: 0x00000083aac00000,0x00000083aad00000] [id=14108]
  0x00000216a8284050 ConcurrentGCThread "G1 Refine#2" [stack: 0x00000083aad00000,0x00000083aae00000] [id=6672]
  0x00000216a7157650 ConcurrentGCThread "G1 Service" [stack: 0x00000083a9200000,0x00000083a9300000] [id=17160]

Threads with active compile tasks:
C1 CompilerThread1     5638 4552       1       java.util.regex.Matcher::group (112 bytes)

VM state: at safepoint (normal execution)

VM Mutex/Monitor currently owned by a thread:  ([mutex/lock_event])
[0x00000216935eb4d0] Threads_lock - owner thread: 0x00000216a72aea60
[0x00000216935ebc20] Heap_lock - owner thread: 0x00000216a729cdc0

Heap address: 0x0000000085800000, size: 1960 MB, Compressed Oops mode: 32-bit

CDS archive(s) mapped at: [0x0000000800000000-0x0000000800bd0000-0x0000000800bd0000), size 12386304, SharedBaseAddress: 0x0000000800000000, ArchiveRelocationMode: 0.
Compressed class space mapped at: 0x0000000800c00000-0x0000000840c00000, reserved size: 1073741824
Narrow klass base: 0x0000000800000000, Narrow klass shift: 0, Narrow klass range: 0x100000000

GC Precious Log:
 CPUs: 8 total, 8 available
 Memory: 7834M
 Large Page Support: Disabled
 NUMA Support: Disabled
 Compressed Oops: Enabled (32-bit)
 Heap Region Size: 1M
 Heap Min Capacity: 8M
 Heap Initial Capacity: 124M
 Heap Max Capacity: 1960M
 Pre-touch: Disabled
 Parallel Workers: 8
 Concurrent Workers: 2
 Concurrent Refinement Workers: 8
 Periodic GC: Disabled

Heap:
 garbage-first heap   total 55296K, used 22141K [0x0000000085800000, 0x0000000100000000)
  region size 1024K, 2 young (2048K), 2 survivors (2048K)
 Metaspace       used 42564K, committed 42944K, reserved 1089536K
  class space    used 5985K, committed 6144K, reserved 1048576K

Heap Regions: E=young(eden), S=young(survivor), O=old, HS=humongous(starts), HC=humongous(continues), CS=collection set, F=free, OA=open archive, CA=closed archive, TAMS=top-at-mark-start (previous, next)
|   0|0x0000000085800000, 0x0000000085900000, 0x0000000085900000|100%|HS|  |TAMS 0x0000000085900000, 0x0000000085800000| Complete 
|   1|0x0000000085900000, 0x0000000085a00000, 0x0000000085a00000|100%| O|  |TAMS 0x0000000085a00000, 0x0000000085900000| Untracked 
|   2|0x0000000085a00000, 0x0000000085b00000, 0x0000000085b00000|100%| O|  |TAMS 0x0000000085b00000, 0x0000000085a00000| Untracked 
|   3|0x0000000085b00000, 0x0000000085c00000, 0x0000000085c00000|100%| O|  |TAMS 0x0000000085c00000, 0x0000000085b00000| Untracked 
|   4|0x0000000085c00000, 0x0000000085d00000, 0x0000000085d00000|100%| O|  |TAMS 0x0000000085d00000, 0x0000000085c00000| Untracked 
|   5|0x0000000085d00000, 0x0000000085e00000, 0x0000000085e00000|100%| O|  |TAMS 0x0000000085e00000, 0x0000000085d00000| Untracked 
|   6|0x0000000085e00000, 0x0000000085f00000, 0x0000000085f00000|100%| O|  |TAMS 0x0000000085f00000, 0x0000000085e00000| Untracked 
|   7|0x0000000085f00000, 0x0000000086000000, 0x0000000086000000|100%| O|  |TAMS 0x0000000085f00000, 0x0000000085f00000| Untracked 
|   8|0x0000000086000000, 0x0000000086100000, 0x0000000086100000|100%| O|  |TAMS 0x0000000086100000, 0x0000000086000000| Untracked 
|   9|0x0000000086100000, 0x0000000086200000, 0x0000000086200000|100%| O|  |TAMS 0x0000000086200000, 0x0000000086100000| Untracked 
|  10|0x0000000086200000, 0x0000000086300000, 0x0000000086300000|100%| O|  |TAMS 0x0000000086300000, 0x0000000086200000| Untracked 
|  11|0x0000000086300000, 0x0000000086400000, 0x0000000086400000|100%| O|  |TAMS 0x0000000086300000, 0x0000000086300000| Untracked 
|  12|0x0000000086400000, 0x0000000086500000, 0x0000000086500000|100%| O|  |TAMS 0x0000000086400000, 0x0000000086400000| Untracked 
|  13|0x0000000086500000, 0x0000000086600000, 0x0000000086600000|100%| O|  |TAMS 0x0000000086500000, 0x0000000086500000| Untracked 
|  14|0x0000000086600000, 0x000000008661ce00, 0x0000000086700000| 11%| O|  |TAMS 0x0000000086600000, 0x0000000086600000| Untracked 
|  15|0x0000000086700000, 0x0000000086700000, 0x0000000086800000|  0%| F|  |TAMS 0x0000000086700000, 0x0000000086700000| Untracked 
|  16|0x0000000086800000, 0x0000000086800000, 0x0000000086900000|  0%| F|  |TAMS 0x0000000086800000, 0x0000000086800000| Untracked 
|  17|0x0000000086900000, 0x0000000086900000, 0x0000000086a00000|  0%| F|  |TAMS 0x0000000086900000, 0x0000000086900000| Untracked 
|  18|0x0000000086a00000, 0x0000000086a00000, 0x0000000086b00000|  0%| F|  |TAMS 0x0000000086a00000, 0x0000000086a00000| Untracked 
|  19|0x0000000086b00000, 0x0000000086c00000, 0x0000000086c00000|100%| O|  |TAMS 0x0000000086c00000, 0x0000000086b00000| Untracked 
|  20|0x0000000086c00000, 0x0000000086d00000, 0x0000000086d00000|100%| O|  |TAMS 0x0000000086d00000, 0x0000000086c00000| Untracked 
|  21|0x0000000086d00000, 0x0000000086e00000, 0x0000000086e00000|100%| O|  |TAMS 0x0000000086e00000, 0x0000000086d00000| Untracked 
|  22|0x0000000086e00000, 0x0000000086f00000, 0x0000000086f00000|100%| O|  |TAMS 0x0000000086f00000, 0x0000000086e00000| Untracked 
|  23|0x0000000086f00000, 0x0000000087000000, 0x0000000087000000|100%| O|  |TAMS 0x0000000087000000, 0x0000000086f00000| Untracked 
|  24|0x0000000087000000, 0x0000000087100000, 0x0000000087100000|100%| O|  |TAMS 0x0000000087100000, 0x0000000087000000| Untracked 
|  25|0x0000000087100000, 0x0000000087100000, 0x0000000087200000|  0%| F|  |TAMS 0x0000000087100000, 0x0000000087100000| Untracked 
|  26|0x0000000087200000, 0x0000000087200000, 0x0000000087300000|  0%| F|  |TAMS 0x0000000087200000, 0x0000000087200000| Untracked 
|  27|0x0000000087300000, 0x0000000087300000, 0x0000000087400000|  0%| F|  |TAMS 0x0000000087300000, 0x0000000087300000| Untracked 
|  28|0x0000000087400000, 0x0000000087400000, 0x0000000087500000|  0%| F|  |TAMS 0x0000000087400000, 0x0000000087400000| Untracked 
|  29|0x0000000087500000, 0x0000000087500000, 0x0000000087600000|  0%| F|  |TAMS 0x0000000087500000, 0x0000000087500000| Untracked 
|  30|0x0000000087600000, 0x0000000087600000, 0x0000000087700000|  0%| F|  |TAMS 0x0000000087600000, 0x0000000087600000| Untracked 
|  31|0x0000000087700000, 0x0000000087782978, 0x0000000087800000| 51%| S|CS|TAMS 0x0000000087700000, 0x0000000087700000| Complete 
|  32|0x0000000087800000, 0x0000000087900000, 0x0000000087900000|100%| S|CS|TAMS 0x0000000087800000, 0x0000000087800000| Complete 
|  33|0x0000000087900000, 0x0000000087900000, 0x0000000087a00000|  0%| F|  |TAMS 0x0000000087900000, 0x0000000087900000| Untracked 
|  34|0x0000000087a00000, 0x0000000087a00000, 0x0000000087b00000|  0%| F|  |TAMS 0x0000000087a00000, 0x0000000087a00000| Untracked 
|  35|0x0000000087b00000, 0x0000000087b00000, 0x0000000087c00000|  0%| F|  |TAMS 0x0000000087b00000, 0x0000000087b00000| Untracked 
|  36|0x0000000087c00000, 0x0000000087c00000, 0x0000000087d00000|  0%| F|  |TAMS 0x0000000087c00000, 0x0000000087c00000| Untracked 
|  37|0x0000000087d00000, 0x0000000087d00000, 0x0000000087e00000|  0%| F|  |TAMS 0x0000000087d00000, 0x0000000087d00000| Untracked 
|  38|0x0000000087e00000, 0x0000000087e00000, 0x0000000087f00000|  0%| F|  |TAMS 0x0000000087e00000, 0x0000000087e00000| Untracked 
|  39|0x0000000087f00000, 0x0000000087f00000, 0x0000000088000000|  0%| F|  |TAMS 0x0000000087f00000, 0x0000000087f00000| Untracked 
|  40|0x0000000088000000, 0x0000000088000000, 0x0000000088100000|  0%| F|  |TAMS 0x0000000088000000, 0x0000000088000000| Untracked 
|  41|0x0000000088100000, 0x0000000088100000, 0x0000000088200000|  0%| F|  |TAMS 0x0000000088100000, 0x0000000088100000| Untracked 
|  42|0x0000000088200000, 0x0000000088200000, 0x0000000088300000|  0%| F|  |TAMS 0x0000000088200000, 0x0000000088200000| Untracked 
|  43|0x0000000088300000, 0x0000000088300000, 0x0000000088400000|  0%| F|  |TAMS 0x0000000088300000, 0x0000000088300000| Untracked 
|  44|0x0000000088400000, 0x0000000088400000, 0x0000000088500000|  0%| F|  |TAMS 0x0000000088400000, 0x0000000088400000| Untracked 
|  45|0x0000000088500000, 0x0000000088500000, 0x0000000088600000|  0%| F|  |TAMS 0x0000000088500000, 0x0000000088500000| Untracked 
|  90|0x000000008b200000, 0x000000008b200000, 0x000000008b300000|  0%| F|  |TAMS 0x000000008b200000, 0x000000008b200000| Untracked 
|  91|0x000000008b300000, 0x000000008b300000, 0x000000008b400000|  0%| F|  |TAMS 0x000000008b300000, 0x000000008b300000| Untracked 
|  92|0x000000008b400000, 0x000000008b400000, 0x000000008b500000|  0%| F|  |TAMS 0x000000008b400000, 0x000000008b400000| Untracked 
|  93|0x000000008b500000, 0x000000008b500000, 0x000000008b600000|  0%| F|  |TAMS 0x000000008b500000, 0x000000008b500000| Untracked 
|  94|0x000000008b600000, 0x000000008b600000, 0x000000008b700000|  0%| F|  |TAMS 0x000000008b600000, 0x000000008b600000| Untracked 
|  95|0x000000008b700000, 0x000000008b700000, 0x000000008b800000|  0%| F|  |TAMS 0x000000008b700000, 0x000000008b700000| Untracked 
|  96|0x000000008b800000, 0x000000008b800000, 0x000000008b900000|  0%| F|  |TAMS 0x000000008b800000, 0x000000008b800000| Untracked 
| 123|0x000000008d300000, 0x000000008d300000, 0x000000008d400000|  0%| F|  |TAMS 0x000000008d300000, 0x000000008d300000| Untracked 

Card table byte_map: [0x00000216a02e0000,0x00000216a06c0000] _byte_map_base: 0x000002169feb4000

Marking Bits (Prev, Next): (CMBitMap*) 0x0000021693649ad0, (CMBitMap*) 0x0000021693649b10
 Prev Bits: [0x00000216a0aa0000, 0x00000216a2940000)
 Next Bits: [0x00000216a2940000, 0x00000216a47e0000)

Polling page: 0x000002169c600000

Metaspace:

Usage:
  Non-class:     35.72 MB used.
      Class:      5.85 MB used.
       Both:     41.57 MB used.

Virtual space:
  Non-class space:       40.00 MB reserved,      35.94 MB ( 90%) committed,  5 nodes.
      Class space:        1.00 GB reserved,       6.00 MB ( <1%) committed,  1 nodes.
             Both:        1.04 GB reserved,      41.94 MB (  4%) committed. 

Chunk freelists:
   Non-Class:  3.16 MB
       Class:  1.95 MB
        Both:  5.11 MB

MaxMetaspaceSize: unlimited
CompressedClassSpaceSize: 1.00 GB
Initial GC threshold: 21.00 MB
Current GC threshold: 59.19 MB
CDS: on
MetaspaceReclaimPolicy: balanced
 - commit_granule_bytes: 65536.
 - commit_granule_words: 8192.
 - virtual_space_node_default_size: 1048576.
 - enlarge_chunks_in_place: 1.
 - new_chunks_are_fully_committed: 0.
 - uncommit_free_chunks: 1.
 - use_allocation_guard: 0.
 - handle_deallocations: 1.


Internal statistics:

num_allocs_failed_limit: 6.
num_arena_births: 410.
num_arena_deaths: 0.
num_vsnodes_births: 6.
num_vsnodes_deaths: 0.
num_space_committed: 671.
num_space_uncommitted: 0.
num_chunks_returned_to_freelist: 6.
num_chunks_taken_from_freelist: 1931.
num_chunk_merges: 3.
num_chunk_splits: 1380.
num_chunks_enlarged: 1076.
num_purges: 0.
num_inconsistent_stats: 0.

CodeCache: size=49152Kb used=8839Kb max_used=9794Kb free=40312Kb
 bounds [0x000002169c620000, 0x000002169cfc0000, 0x000002169f620000]
 total_blobs=5137 nmethods=4551 adapters=512
 compilation: enabled
              stopped_count=0, restarted_count=0
 full_count=0

Compilation events (20 events):
Event: 5.580 Thread 0x00000216a72ce7c0 4544       1       org.springframework.data.repository.core.support.MethodLookup$$Lambda$998/0x00000008011f2000::getLookups (14 bytes)
Event: 5.580 Thread 0x00000216a72ce7c0 nmethod 4544 0x000002169c835490 code [0x000002169c835620, 0x000002169c835768]
Event: 5.580 Thread 0x00000216a72ce7c0 4545       1       org.springframework.data.repository.core.support.MethodLookup::lambda$and$0 (37 bytes)
Event: 5.580 Thread 0x00000216a729cdc0 nmethod 4543 0x000002169c834690 code [0x000002169c8348e0, 0x000002169c835078]
Event: 5.580 Thread 0x00000216a729cdc0 4546       1       org.springframework.data.repository.core.support.MethodLookups$$Lambda$997/0x00000008011f7b20::getLookups (8 bytes)
Event: 5.580 Thread 0x00000216a72ce7c0 nmethod 4545 0x000002169c833f90 code [0x000002169c8341a0, 0x000002169c8344c8]
Event: 5.580 Thread 0x00000216a72ce7c0 4547       1       org.springframework.data.repository.core.support.MethodLookups::lambda$direct$1 (5 bytes)
Event: 5.580 Thread 0x00000216a729cdc0 nmethod 4546 0x000002169c833b90 code [0x000002169c833d20, 0x000002169c833e98]
Event: 5.580 Thread 0x00000216a729cdc0 4548       1       org.springframework.data.repository.core.support.MethodLookups$RepositoryAwareMethodLookup::getLookups (12 bytes)
Event: 5.580 Thread 0x00000216a72ce7c0 nmethod 4547 0x000002169c833810 code [0x000002169c8339a0, 0x000002169c833af8]
Event: 5.580 Thread 0x00000216a72ce7c0 4549       1       org.springframework.data.repository.core.support.MethodLookups$RepositoryAwareMethodLookup$$Lambda$1011/0x00000008011fa290::<init> (10 bytes)
Event: 5.580 Thread 0x00000216a72ce7c0 nmethod 4549 0x000002169c833510 code [0x000002169c8336a0, 0x000002169c8337b8]
Event: 5.580 Thread 0x00000216a72ce7c0 4550       1       java.util.stream.Streams$ConcatSpliterator::estimateSize (51 bytes)
Event: 5.580 Thread 0x00000216a729cdc0 nmethod 4548 0x000002169c833010 code [0x000002169c8331c0, 0x000002169c8333e8]
Event: 5.580 Thread 0x00000216a72ce7c0 nmethod 4550 0x000002169c832c10 code [0x000002169c832dc0, 0x000002169c832f68]
Event: 5.580 Thread 0x00000216a729cdc0 4542       1       org.springframework.data.repository.core.support.DefaultRepositoryInformation::isBaseClassMethod (23 bytes)
Event: 5.580 Thread 0x00000216a729cdc0 nmethod 4542 0x000002169c832590 code [0x000002169c832760, 0x000002169c832a28]
Event: 5.582 Thread 0x00000216a729cdc0 4551       1       org.springframework.data.repository.core.support.RepositoryFragment$StructuralRepositoryFragment::getSignatureContributor (5 bytes)
Event: 5.582 Thread 0x00000216a729cdc0 nmethod 4551 0x000002169c832290 code [0x000002169c832420, 0x000002169c8324f8]
Event: 5.603 Thread 0x00000216a729cdc0 4552       1       java.util.regex.Matcher::group (112 bytes)

GC Heap History (20 events):
Event: 1.092 GC heap after
{Heap after GC invocations=2 (full 0):
 garbage-first heap   total 126976K, used 9457K [0x0000000085800000, 0x0000000100000000)
  region size 1024K, 2 young (2048K), 2 survivors (2048K)
 Metaspace       used 11104K, committed 11328K, reserved 1064960K
  class space    used 1470K, committed 1600K, reserved 1048576K
}
Event: 2.051 GC heap before
{Heap before GC invocations=2 (full 0):
 garbage-first heap   total 126976K, used 58609K [0x0000000085800000, 0x0000000100000000)
  region size 1024K, 51 young (52224K), 2 survivors (2048K)
 Metaspace       used 17341K, committed 17664K, reserved 1064960K
  class space    used 2318K, committed 2496K, reserved 1048576K
}
Event: 2.056 GC heap after
{Heap after GC invocations=3 (full 0):
 garbage-first heap   total 126976K, used 12460K [0x0000000085800000, 0x0000000100000000)
  region size 1024K, 5 young (5120K), 5 survivors (5120K)
 Metaspace       used 17341K, committed 17664K, reserved 1064960K
  class space    used 2318K, committed 2496K, reserved 1048576K
}
Event: 2.543 GC heap before
{Heap before GC invocations=3 (full 0):
 garbage-first heap   total 126976K, used 39084K [0x0000000085800000, 0x0000000100000000)
  region size 1024K, 32 young (32768K), 5 survivors (5120K)
 Metaspace       used 21216K, committed 21504K, reserved 1073152K
  class space    used 2916K, committed 3072K, reserved 1048576K
}
Event: 2.548 GC heap after
{Heap after GC invocations=4 (full 0):
 garbage-first heap   total 126976K, used 14512K [0x0000000085800000, 0x0000000100000000)
  region size 1024K, 7 young (7168K), 7 survivors (7168K)
 Metaspace       used 21216K, committed 21504K, reserved 1073152K
  class space    used 2916K, committed 3072K, reserved 1048576K
}
Event: 3.062 GC heap before
{Heap before GC invocations=5 (full 0):
 garbage-first heap   total 55296K, used 42160K [0x0000000085800000, 0x0000000100000000)
  region size 1024K, 35 young (35840K), 7 survivors (7168K)
 Metaspace       used 24442K, committed 24768K, reserved 1073152K
  class space    used 3361K, committed 3520K, reserved 1048576K
}
Event: 3.068 GC heap after
{Heap after GC invocations=6 (full 0):
 garbage-first heap   total 55296K, used 17174K [0x0000000085800000, 0x0000000100000000)
  region size 1024K, 8 young (8192K), 8 survivors (8192K)
 Metaspace       used 24442K, committed 24768K, reserved 1073152K
  class space    used 3361K, committed 3520K, reserved 1048576K
}
Event: 3.083 GC heap before
{Heap before GC invocations=6 (full 0):
 garbage-first heap   total 55296K, used 18198K [0x0000000085800000, 0x0000000100000000)
  region size 1024K, 9 young (9216K), 8 survivors (8192K)
 Metaspace       used 24469K, committed 24832K, reserved 1073152K
  class space    used 3365K, committed 3520K, reserved 1048576K
}
Event: 3.088 GC heap after
{Heap after GC invocations=7 (full 0):
 garbage-first heap   total 55296K, used 17805K [0x0000000085800000, 0x0000000100000000)
  region size 1024K, 2 young (2048K), 2 survivors (2048K)
 Metaspace       used 24469K, committed 24832K, reserved 1073152K
  class space    used 3365K, committed 3520K, reserved 1048576K
}
Event: 3.631 GC heap before
{Heap before GC invocations=7 (full 0):
 garbage-first heap   total 55296K, used 37261K [0x0000000085800000, 0x0000000100000000)
  region size 1024K, 22 young (22528K), 2 survivors (2048K)
 Metaspace       used 29575K, committed 29952K, reserved 1081344K
  class space    used 4180K, committed 4352K, reserved 1048576K
}
Event: 3.633 GC heap after
{Heap after GC invocations=8 (full 0):
 garbage-first heap   total 55296K, used 17679K [0x0000000085800000, 0x0000000100000000)
  region size 1024K, 2 young (2048K), 2 survivors (2048K)
 Metaspace       used 29575K, committed 29952K, reserved 1081344K
  class space    used 4180K, committed 4352K, reserved 1048576K
}
Event: 4.041 GC heap before
{Heap before GC invocations=8 (full 0):
 garbage-first heap   total 55296K, used 38159K [0x0000000085800000, 0x0000000100000000)
  region size 1024K, 23 young (23552K), 2 survivors (2048K)
 Metaspace       used 34955K, committed 35328K, reserved 1081344K
  class space    used 4826K, committed 4992K, reserved 1048576K
}
Event: 4.043 GC heap after
{Heap after GC invocations=9 (full 0):
 garbage-first heap   total 55296K, used 19923K [0x0000000085800000, 0x0000000100000000)
  region size 1024K, 3 young (3072K), 3 survivors (3072K)
 Metaspace       used 34955K, committed 35328K, reserved 1081344K
  class space    used 4826K, committed 4992K, reserved 1048576K
}
Event: 4.077 GC heap before
{Heap before GC invocations=9 (full 0):
 garbage-first heap   total 55296K, used 21971K [0x0000000085800000, 0x0000000100000000)
  region size 1024K, 6 young (6144K), 3 survivors (3072K)
 Metaspace       used 35726K, committed 36096K, reserved 1081344K
  class space    used 4879K, committed 5056K, reserved 1048576K
}
Event: 4.079 GC heap after
{Heap after GC invocations=10 (full 0):
 garbage-first heap   total 55296K, used 20592K [0x0000000085800000, 0x0000000100000000)
  region size 1024K, 1 young (1024K), 1 survivors (1024K)
 Metaspace       used 35726K, committed 36096K, reserved 1081344K
  class space    used 4879K, committed 5056K, reserved 1048576K
}
Event: 4.463 GC heap before
{Heap before GC invocations=11 (full 0):
 garbage-first heap   total 55296K, used 41072K [0x0000000085800000, 0x0000000100000000)
  region size 1024K, 21 young (21504K), 1 survivors (1024K)
 Metaspace       used 39866K, committed 40192K, reserved 1089536K
  class space    used 5621K, committed 5760K, reserved 1048576K
}
Event: 4.465 GC heap after
{Heap after GC invocations=12 (full 0):
 garbage-first heap   total 55296K, used 21004K [0x0000000085800000, 0x0000000100000000)
  region size 1024K, 2 young (2048K), 2 survivors (2048K)
 Metaspace       used 39866K, committed 40192K, reserved 1089536K
  class space    used 5621K, committed 5760K, reserved 1048576K
}
Event: 4.478 GC heap before
{Heap before GC invocations=12 (full 0):
 garbage-first heap   total 55296K, used 22028K [0x0000000085800000, 0x0000000100000000)
  region size 1024K, 3 young (3072K), 2 survivors (2048K)
 Metaspace       used 39961K, committed 40320K, reserved 1089536K
  class space    used 5632K, committed 5824K, reserved 1048576K
}
Event: 4.480 GC heap after
{Heap after GC invocations=13 (full 0):
 garbage-first heap   total 55296K, used 20813K [0x0000000085800000, 0x0000000100000000)
  region size 1024K, 1 young (1024K), 1 survivors (1024K)
 Metaspace       used 39961K, committed 40320K, reserved 1089536K
  class space    used 5632K, committed 5824K, reserved 1048576K
}
Event: 5.604 GC heap before
{Heap before GC invocations=13 (full 0):
 garbage-first heap   total 55296K, used 41293K [0x0000000085800000, 0x0000000100000000)
  region size 1024K, 21 young (21504K), 1 survivors (1024K)
 Metaspace       used 42564K, committed 42944K, reserved 1089536K
  class space    used 5985K, committed 6144K, reserved 1048576K
}

Deoptimization events (10 events):
Event: 1.172 Thread 0x00000216a8284330 DEOPT PACKING pc=0x000002169cbcfd19 sp=0x00000083aaefcd00
Event: 1.172 Thread 0x00000216a8284330 DEOPT UNPACKING pc=0x000002169c6766e3 sp=0x00000083aaefc1e0 mode 3
Event: 2.143 Thread 0x00000216a8284330 DEOPT PACKING pc=0x000002169cbe04a4 sp=0x00000083aaefd1a0
Event: 2.143 Thread 0x00000216a8284330 DEOPT UNPACKING pc=0x000002169c6766e3 sp=0x00000083aaefc6f8 mode 0
Event: 2.977 Thread 0x00000216a8284330 DEOPT PACKING pc=0x000002169ce6dddd sp=0x00000083aaefbf40
Event: 2.978 Thread 0x00000216a8284330 DEOPT UNPACKING pc=0x000002169c6766e3 sp=0x00000083aaefb4a8 mode 3
Event: 3.012 Thread 0x00000216a8284330 DEOPT PACKING pc=0x000002169cbd0d81 sp=0x00000083aaefe1b0
Event: 3.012 Thread 0x00000216a8284330 DEOPT UNPACKING pc=0x000002169c6766e3 sp=0x00000083aaefd640 mode 3
Event: 3.013 Thread 0x00000216a9bbad30 DEOPT PACKING pc=0x000002169cb53d97 sp=0x00000083ab0fed10
Event: 3.013 Thread 0x00000216a9bbad30 DEOPT UNPACKING pc=0x000002169c6766e3 sp=0x00000083ab0fe168 mode 3

Classes unloaded (0 events):
No events

Classes redefined (0 events):
No events

Internal exceptions (20 events):
Event: 4.482 Thread 0x00000216a8284330 Exception <a 'java/lang/ClassNotFoundException'{0x000000008d334b28}: org/springframework/beans/factory/FactoryBeanCustomizer> (0x000000008d334b28) 
thrown [s\open\src\hotspot\share\classfile\systemDictionary.cpp, line 256]
Event: 4.483 Thread 0x00000216a8284330 Exception <a 'java/lang/ClassNotFoundException'{0x000000008d33ef90}: org/springframework/beans/factory/BeanClassLoaderAwareCustomizer> (0x000000008d33ef90) 
thrown [s\open\src\hotspot\share\classfile\systemDictionary.cpp, line 256]
Event: 4.483 Thread 0x00000216a8284330 Exception <a 'java/lang/ClassNotFoundException'{0x000000008d345ba8}: org/springframework/beans/factory/AwareCustomizer> (0x000000008d345ba8) 
thrown [s\open\src\hotspot\share\classfile\systemDictionary.cpp, line 256]
Event: 4.483 Thread 0x00000216a8284330 Exception <a 'java/lang/ClassNotFoundException'{0x000000008d34bc20}: org/springframework/beans/factory/BeanFactoryAwareCustomizer> (0x000000008d34bc20) 
thrown [s\open\src\hotspot\share\classfile\systemDictionary.cpp, line 256]
Event: 4.483 Thread 0x00000216a8284330 Exception <a 'java/lang/ClassNotFoundException'{0x000000008d352ed8}: org/springframework/beans/factory/AwareCustomizer> (0x000000008d352ed8) 
thrown [s\open\src\hotspot\share\classfile\systemDictionary.cpp, line 256]
Event: 4.484 Thread 0x00000216a8284330 Exception <a 'java/lang/ClassNotFoundException'{0x000000008d3591d0}: org/springframework/context/ApplicationEventPublisherAwareCustomizer> (0x000000008d3591d0) 
thrown [s\open\src\hotspot\share\classfile\systemDictionary.cpp, line 256]
Event: 4.484 Thread 0x00000216a8284330 Exception <a 'java/lang/ClassNotFoundException'{0x000000008d360570}: org/springframework/beans/factory/AwareCustomizer> (0x000000008d360570) 
thrown [s\open\src\hotspot\share\classfile\systemDictionary.cpp, line 256]
Event: 4.488 Thread 0x00000216a8284330 Exception <a 'java/lang/ClassNotFoundException'{0x000000008d397cf0}: java/lang/ObjectCustomizer> (0x000000008d397cf0) 
thrown [s\open\src\hotspot\share\classfile\systemDictionary.cpp, line 256]
Event: 4.489 Thread 0x00000216a8284330 Exception <a 'java/lang/ClassNotFoundException'{0x000000008d3a1ed8}: org/springframework/core/io/support/PropertiesLoaderSupportCustomizer> (0x000000008d3a1ed8) 
thrown [s\open\src\hotspot\share\classfile\systemDictionary.cpp, line 256]
Event: 4.490 Thread 0x00000216a8284330 Exception <a 'java/lang/ClassNotFoundException'{0x000000008d3c9c68}: org/springframework/beans/factory/config/PropertiesFactoryBeanCustomizer> (0x000000008d3c9c68) 
thrown [s\open\src\hotspot\share\classfile\systemDictionary.cpp, line 256]
Event: 4.491 Thread 0x00000216a8284330 Exception <a 'java/lang/ClassNotFoundException'{0x000000008d3e0cb0}: org/springframework/beans/factory/FactoryBeanCustomizer> (0x000000008d3e0cb0) 
thrown [s\open\src\hotspot\share\classfile\systemDictionary.cpp, line 256]
Event: 4.492 Thread 0x00000216a8284330 Exception <a 'java/lang/ClassNotFoundException'{0x000000008d3ea1a8}: org/springframework/beans/factory/InitializingBeanCustomizer> (0x000000008d3ea1a8) 
thrown [s\open\src\hotspot\share\classfile\systemDictionary.cpp, line 256]
Event: 5.275 Thread 0x00000216a8284330 Exception <a 'java/lang/IncompatibleClassChangeError'{0x000000008b3acf08}: Found class java.lang.Object, but interface was expected> (0x000000008b3acf08) 
thrown [s\open\src\hotspot\share\interpreter\linkResolver.cpp, line 826]
Event: 5.541 Thread 0x00000216a8284330 Exception <a 'java/lang/ClassNotFoundException'{0x0000000088326798}: java/lang/ObjectCustomizer> (0x0000000088326798) 
thrown [s\open\src\hotspot\share\classfile\systemDictionary.cpp, line 256]
Event: 5.541 Thread 0x00000216a8284330 Exception <a 'java/lang/ClassNotFoundException'{0x00000000883314d0}: com/businesscenterservices/businesscenterservices/entities/UsersCustomizer> (0x00000000883314d0) 
thrown [s\open\src\hotspot\share\classfile\systemDictionary.cpp, line 256]
Event: 5.549 Thread 0x00000216a8284330 Exception <a 'java/lang/NoSuchMethodError'{0x0000000088247010}: 'int java.lang.invoke.DirectMethodHandle$Holder.invokeVirtual(java.lang.Object, java.lang.Object, java.lang.Object)'> (0x0000000088247010) 
thrown [s\open\src\hotspot\share\interpreter\linkResolver.cpp, line 759]
Event: 5.556 Thread 0x00000216a8284330 Exception <a 'java/lang/ClassNotFoundException'{0x00000000882e8358}: java/lang/ObjectCustomizer> (0x00000000882e8358) 
thrown [s\open\src\hotspot\share\classfile\systemDictionary.cpp, line 256]
Event: 5.556 Thread 0x00000216a8284330 Exception <a 'java/lang/ClassNotFoundException'{0x00000000882f3b30}: com/businesscenterservices/businesscenterservices/entities/RolesCustomizer> (0x00000000882f3b30) 
thrown [s\open\src\hotspot\share\classfile\systemDictionary.cpp, line 256]
Event: 5.571 Thread 0x00000216a8284330 Exception <a 'java/lang/IncompatibleClassChangeError'{0x000000008806f5c8}: Found class java.lang.Object, but interface was expected> (0x000000008806f5c8) 
thrown [s\open\src\hotspot\share\interpreter\linkResolver.cpp, line 826]
Event: 5.601 Thread 0x00000216a8284330 Exception <a 'java/lang/reflect/InvocationTargetException'{0x00000000879c9260}> (0x00000000879c9260) 
thrown [s\open\src\hotspot\share\runtime\reflection.cpp, line 1121]

VM Operations (20 events):
Event: 4.043 Executing VM operation: G1CollectForAllocation done
Event: 4.077 Executing VM operation: CollectForMetadataAllocation
Event: 4.079 Executing VM operation: CollectForMetadataAllocation done
Event: 4.096 Executing VM operation: G1Concurrent
Event: 4.098 Executing VM operation: G1Concurrent done
Event: 4.106 Executing VM operation: G1Concurrent
Event: 4.106 Executing VM operation: G1Concurrent done
Event: 4.229 Executing VM operation: HandshakeAllThreads
Event: 4.229 Executing VM operation: HandshakeAllThreads done
Event: 4.268 Executing VM operation: ICBufferFull
Event: 4.268 Executing VM operation: ICBufferFull done
Event: 4.463 Executing VM operation: G1CollectForAllocation
Event: 4.465 Executing VM operation: G1CollectForAllocation done
Event: 4.478 Executing VM operation: G1CollectForAllocation
Event: 4.480 Executing VM operation: G1CollectForAllocation done
Event: 5.488 Executing VM operation: Cleanup
Event: 5.489 Executing VM operation: Cleanup done
Event: 5.587 Executing VM operation: HandshakeAllThreads
Event: 5.587 Executing VM operation: HandshakeAllThreads done
Event: 5.603 Executing VM operation: G1CollectForAllocation

Events (20 events):
Event: 5.162 Thread 0x00000216a84517a0 Thread exited: 0x00000216a84517a0
Event: 5.162 Thread 0x00000216a729d380 Thread exited: 0x00000216a729d380
Event: 5.541 loading class java/lang/ObjectCustomizer
Event: 5.541 loading class java/lang/ObjectCustomizer done
Event: 5.541 loading class java/lang/ObjectCustomizer
Event: 5.541 loading class java/lang/ObjectCustomizer done
Event: 5.555 loading class java/util/WeakHashMap$KeyIterator
Event: 5.556 loading class java/util/WeakHashMap$KeyIterator done
Event: 5.556 loading class java/lang/ObjectCustomizer
Event: 5.556 loading class java/lang/ObjectCustomizer done
Event: 5.556 loading class java/lang/ObjectCustomizer
Event: 5.556 loading class java/lang/ObjectCustomizer done
Event: 5.573 loading class java/lang/Package$1PackageInfoProxy
Event: 5.573 loading class java/lang/Package$1PackageInfoProxy done
Event: 5.594 loading class java/util/stream/ReduceOps$5
Event: 5.594 loading class java/util/stream/ReduceOps$5 done
Event: 5.594 loading class java/util/stream/ReduceOps$CountingSink$OfRef
Event: 5.594 loading class java/util/stream/ReduceOps$CountingSink
Event: 5.595 loading class java/util/stream/ReduceOps$CountingSink done
Event: 5.595 loading class java/util/stream/ReduceOps$CountingSink$OfRef done


Dynamic libraries:
0x00007ff7502a0000 - 0x00007ff7502b0000 	C:\Program Files\Java\jdk-17.0.5\bin\java.exe
0x00007ffa75370000 - 0x00007ffa75584000 	C:\WINDOWS\SYSTEM32\ntdll.dll
0x00007ffa665d0000 - 0x00007ffa665e9000 	C:\Program Files\Avast Software\Avast\aswhook.dll
0x00007ffa74080000 - 0x00007ffa74144000 	C:\WINDOWS\System32\KERNEL32.DLL
0x00007ffa72d00000 - 0x00007ffa730a4000 	C:\WINDOWS\System32\KERNELBASE.dll
0x00007ffa72750000 - 0x00007ffa72861000 	C:\WINDOWS\System32\ucrtbase.dll
0x00007ff9f7d40000 - 0x00007ff9f7d5a000 	C:\Program Files\Java\jdk-17.0.5\bin\VCRUNTIME140.dll
0x00007ff9f7d60000 - 0x00007ff9f7d78000 	C:\Program Files\Java\jdk-17.0.5\bin\jli.dll
0x00007ffa735b0000 - 0x00007ffa73660000 	C:\WINDOWS\System32\ADVAPI32.dll
0x00007ffa74d80000 - 0x00007ffa74e27000 	C:\WINDOWS\System32\msvcrt.dll
0x00007ffa737a0000 - 0x00007ffa73846000 	C:\WINDOWS\System32\sechost.dll
0x00007ffa732c0000 - 0x00007ffa733d7000 	C:\WINDOWS\System32\RPCRT4.dll
0x00007ffa74bd0000 - 0x00007ffa74d7a000 	C:\WINDOWS\System32\USER32.dll
0x00007ffa72b10000 - 0x00007ffa72b36000 	C:\WINDOWS\System32\win32u.dll
0x00007ffa50c50000 - 0x00007ffa50edf000 	C:\WINDOWS\WinSxS\amd64_microsoft.windows.common-controls_6595b64144ccf1df_6.0.22621.2070_none_2713e6537381f706\COMCTL32.dll
0x00007ffa73570000 - 0x00007ffa73599000 	C:\WINDOWS\System32\GDI32.dll
0x00007ffa72be0000 - 0x00007ffa72cf9000 	C:\WINDOWS\System32\gdi32full.dll
0x00007ffa72b40000 - 0x00007ffa72bda000 	C:\WINDOWS\System32\msvcp_win.dll
0x00007ffa6aac0000 - 0x00007ffa6aaca000 	C:\WINDOWS\SYSTEM32\VERSION.dll
0x00007ffa750c0000 - 0x00007ffa750f1000 	C:\WINDOWS\System32\IMM32.DLL
0x00007ffa50410000 - 0x00007ffa5041c000 	C:\Program Files\Java\jdk-17.0.5\bin\vcruntime140_1.dll
0x00007ff9f7cb0000 - 0x00007ff9f7d3d000 	C:\Program Files\Java\jdk-17.0.5\bin\msvcp140.dll
0x00007ff9e9dc0000 - 0x00007ff9ea982000 	C:\Program Files\Java\jdk-17.0.5\bin\server\jvm.dll
0x00007ffa74070000 - 0x00007ffa74078000 	C:\WINDOWS\System32\PSAPI.DLL
0x00007ffa66580000 - 0x00007ffa665b4000 	C:\WINDOWS\SYSTEM32\WINMM.dll
0x00007ffa48cd0000 - 0x00007ffa48cd9000 	C:\WINDOWS\SYSTEM32\WSOCK32.dll
0x00007ffa74150000 - 0x00007ffa741c1000 	C:\WINDOWS\System32\WS2_32.dll
0x00007ffa717d0000 - 0x00007ffa717e8000 	C:\WINDOWS\SYSTEM32\kernel.appcore.dll
0x00007ff9f7ca0000 - 0x00007ff9f7caa000 	C:\Program Files\Java\jdk-17.0.5\bin\jimage.dll
0x00007ffa6fff0000 - 0x00007ffa7021e000 	C:\WINDOWS\SYSTEM32\DBGHELP.DLL
0x00007ffa74840000 - 0x00007ffa74bca000 	C:\WINDOWS\System32\combase.dll
0x00007ffa733e0000 - 0x00007ffa734b7000 	C:\WINDOWS\System32\OLEAUT32.dll
0x00007ffa57fa0000 - 0x00007ffa57fd2000 	C:\WINDOWS\SYSTEM32\dbgcore.DLL
0x00007ffa730b0000 - 0x00007ffa7312a000 	C:\WINDOWS\System32\bcryptPrimitives.dll
0x00007ff9f7a30000 - 0x00007ff9f7a55000 	C:\Program Files\Java\jdk-17.0.5\bin\java.dll
0x00007ff9f7af0000 - 0x00007ff9f7bc6000 	C:\Program Files\Java\jdk-17.0.5\bin\jsvml.dll
0x00007ffa73850000 - 0x00007ffa74066000 	C:\WINDOWS\System32\SHELL32.dll
0x00007ffa706d0000 - 0x00007ffa70fba000 	C:\WINDOWS\SYSTEM32\windows.storage.dll
0x00007ffa70590000 - 0x00007ffa706ce000 	C:\WINDOWS\SYSTEM32\wintypes.dll
0x00007ffa73150000 - 0x00007ffa73243000 	C:\WINDOWS\System32\SHCORE.dll
0x00007ffa736f0000 - 0x00007ffa7374e000 	C:\WINDOWS\System32\shlwapi.dll
0x00007ffa72680000 - 0x00007ffa726a6000 	C:\WINDOWS\SYSTEM32\profapi.dll
0x00007ff9f7ad0000 - 0x00007ff9f7ae9000 	C:\Program Files\Java\jdk-17.0.5\bin\net.dll
0x00007ffa6c090000 - 0x00007ffa6c1c7000 	C:\WINDOWS\SYSTEM32\WINHTTP.dll
0x00007ffa71d00000 - 0x00007ffa71d69000 	C:\WINDOWS\system32\mswsock.dll
0x00007ff9f7ab0000 - 0x00007ff9f7ac6000 	C:\Program Files\Java\jdk-17.0.5\bin\nio.dll
0x00007ff9f7a90000 - 0x00007ff9f7aa8000 	C:\Program Files\Java\jdk-17.0.5\bin\zip.dll
0x00007ffa71240000 - 0x00007ffa71333000 	C:\WINDOWS\SYSTEM32\DNSAPI.dll
0x00007ffa71210000 - 0x00007ffa7123d000 	C:\WINDOWS\SYSTEM32\IPHLPAPI.DLL
0x00007ffa74670000 - 0x00007ffa74679000 	C:\WINDOWS\System32\NSI.dll
0x00007ffa6b820000 - 0x00007ffa6b82a000 	C:\Windows\System32\rasadhlp.dll
0x00007ffa66310000 - 0x00007ffa66394000 	C:\WINDOWS\System32\fwpuclnt.dll
0x00007ff9f7a70000 - 0x00007ff9f7a79000 	C:\Program Files\Java\jdk-17.0.5\bin\management.dll
0x00007ff9f7a60000 - 0x00007ff9f7a6b000 	C:\Program Files\Java\jdk-17.0.5\bin\management_ext.dll
0x00007ffa71f50000 - 0x00007ffa71f6b000 	C:\WINDOWS\SYSTEM32\CRYPTSP.dll
0x00007ffa71740000 - 0x00007ffa71775000 	C:\WINDOWS\system32\rsaenh.dll
0x00007ffa71df0000 - 0x00007ffa71e1c000 	C:\WINDOWS\SYSTEM32\USERENV.dll
0x00007ffa720f0000 - 0x00007ffa72118000 	C:\WINDOWS\SYSTEM32\bcrypt.dll
0x00007ffa71f70000 - 0x00007ffa71f7c000 	C:\WINDOWS\SYSTEM32\CRYPTBASE.dll
0x00007ffa66560000 - 0x00007ffa66579000 	C:\WINDOWS\SYSTEM32\dhcpcsvc6.DLL
0x00007ffa66540000 - 0x00007ffa6655f000 	C:\WINDOWS\SYSTEM32\dhcpcsvc.DLL
0x00007ffa40f90000 - 0x00007ffa40fa7000 	C:\WINDOWS\system32\napinsp.dll
0x00007ffa3ec10000 - 0x00007ffa3ec2b000 	C:\WINDOWS\system32\pnrpnsp.dll
0x00007ffa39750000 - 0x00007ffa39761000 	C:\WINDOWS\System32\winrnr.dll
0x00007ffa69c50000 - 0x00007ffa69c65000 	C:\WINDOWS\system32\wshbth.dll
0x00007ffa39720000 - 0x00007ffa39741000 	C:\WINDOWS\system32\nlansp_c.dll
0x00007ffa4deb0000 - 0x00007ffa4deca000 	C:\Program Files\IntellijU\bin\breakgen64.dll
0x00007ff9f7a20000 - 0x00007ff9f7a2e000 	C:\Program Files\Java\jdk-17.0.5\bin\sunmscapi.dll
0x00007ffa72870000 - 0x00007ffa729d7000 	C:\WINDOWS\System32\CRYPT32.dll
0x00007ffa720c0000 - 0x00007ffa720ee000 	C:\WINDOWS\SYSTEM32\ncrypt.dll
0x00007ffa72080000 - 0x00007ffa720b7000 	C:\WINDOWS\SYSTEM32\NTASN1.dll

dbghelp: loaded successfully - version: 4.0.5 - missing functions: none
symbol engine: initialized successfully - sym options: 0x614 - pdb path: .;C:\Program Files\Java\jdk-17.0.5\bin;C:\WINDOWS\SYSTEM32;C:\Program Files\Avast Software\Avast;C:\WINDOWS\WinSxS\amd64_microsoft.windows.common-controls_6595b64144ccf1df_6.0.22621.2070_none_2713e6537381f706;C:\Program Files\Java\jdk-17.0.5\bin\server;C:\Program Files\IntellijU\bin

VM Arguments:
jvm_args: -XX:TieredStopAtLevel=1 -Xverify:none -Dspring.output.ansi.enabled=always -Dcom.sun.management.jmxremote -Dspring.jmx.enabled=true -Dspring.liveBeansView.mbeanDomain -Dspring.application.admin.enabled=true -Didea.launcher.port=53793 -Didea.launcher.bin.path=C:\Program Files\IntellijU\bin -Dfile.encoding=UTF-8 
java_command: com.intellij.rt.execution.application.AppMainV2 com.businesscenterservices.businesscenterservices.BusinesscenterservicesApplication
java_class_path (initial): E:\CRM\Application\businesscenterservices\target\classes;C:\Users\HP\.m2\repository\io\jsonwebtoken\jjwt\0.9.1\jjwt-0.9.1.jar;C:\Users\HP\.m2\repository\com\fasterxml\jackson\core\jackson-databind\2.13.4\jackson-databind-2.13.4.jar;C:\Users\HP\.m2\repository\com\fasterxml\jackson\core\jackson-annotations\2.13.4\jackson-annotations-2.13.4.jar;C:\Users\HP\.m2\repository\com\fasterxml\jackson\core\jackson-core\2.13.4\jackson-core-2.13.4.jar;C:\Users\HP\.m2\repository\org\springframework\boot\spring-boot-starter-data-jpa\2.7.4\spring-boot-starter-data-jpa-2.7.4.jar;C:\Users\HP\.m2\repository\org\springframework\boot\spring-boot-starter-aop\2.7.4\spring-boot-starter-aop-2.7.4.jar;C:\Users\HP\.m2\repository\org\aspectj\aspectjweaver\1.9.7\aspectjweaver-1.9.7.jar;C:\Users\HP\.m2\repository\org\springframework\boot\spring-boot-starter-jdbc\2.7.4\spring-boot-starter-jdbc-2.7.4.jar;C:\Users\HP\.m2\repository\com\zaxxer\HikariCP\4.0.3\HikariCP-4.0.3.jar;C:\Users\HP\.m2\repository\org\springframework\spring-jdbc\5.3.23\spring-jdbc-5.3.23.jar;C:\Users\HP\.m2\repository\jakarta\transaction\jakarta.transaction-api\1.3.3\jakarta.transaction-api-1.3.3.jar;C:\Users\HP\.m2\repository\jakarta\persistence\jakarta.persistence-api\2.2.3\jakarta.persistence-api-2.2.3.jar;C:\Users\HP\.m2\repository\org\hibernate\hibernate-core\5.6.11.Final\hibernate-core-5.6.11.Final.jar;C:\Users\HP\.m2\repository\org\jboss\logging\jboss-logging\3.4.3.Final\jboss-logging-3.4.3.Final.jar;C:\Users\HP\.m2\repository\net\bytebuddy\byte-buddy\1.12.17\byte-buddy-1.12.17.jar;C:\Users\HP\.m2\repository\antlr\antlr\2.7.7\antlr-2.7.7.jar;C:\Users\HP\.m2\repository\org\jboss\jandex\2.4.2.Final\jandex-2.4.2.Final.jar;C:\Users\HP\.m2\repository\com\fasterxml\classmate\1.5.1\classmate-1.5.1.jar;C:\Users\HP\.m2\repository\org\hibernate\common\hibernate-commons-annotations\5.1.2.Final\hibernate-commons-annotations-5.1.2.Final.jar;C:\Users\HP\.m2\repository\org\glassfish\jaxb\jaxb-runtime\2.3.6\
Launcher Type: SUN_STANDARD

[Global flags]
     intx CICompilerCount                          = 4                                         {product} {ergonomic}
     uint ConcGCThreads                            = 2                                         {product} {ergonomic}
     uint G1ConcRefinementThreads                  = 8                                         {product} {ergonomic}
   size_t G1HeapRegionSize                         = 1048576                                   {product} {ergonomic}
    uintx GCDrainStackTargetSize                   = 64                                        {product} {ergonomic}
   size_t InitialHeapSize                          = 130023424                                 {product} {ergonomic}
     bool ManagementServer                         = true                                      {product} {command line}
   size_t MarkStackSize                            = 4194304                                   {product} {ergonomic}
   size_t MaxHeapSize                              = 2055208960                                {product} {ergonomic}
   size_t MaxNewSize                               = 1233125376                                {product} {ergonomic}
   size_t MinHeapDeltaBytes                        = 1048576                                   {product} {ergonomic}
   size_t MinHeapSize                              = 8388608                                   {product} {ergonomic}
    uintx NonProfiledCodeHeapSize                  = 0                                      {pd product} {ergonomic}
     bool ProfileInterpreter                       = false                                  {pd product} {command line}
    uintx ProfiledCodeHeapSize                     = 0                                      {pd product} {ergonomic}
   size_t SoftMaxHeapSize                          = 2055208960                             {manageable} {ergonomic}
     intx TieredStopAtLevel                        = 1                                         {product} {command line}
     bool UseCompressedClassPointers               = true                           {product lp64_product} {ergonomic}
     bool UseCompressedOops                        = true                           {product lp64_product} {ergonomic}
     bool UseG1GC                                  = true                                      {product} {ergonomic}
     bool UseLargePagesIndividualAllocation        = false                                  {pd product} {ergonomic}

Logging:
Log output configuration:
 #0: stdout all=warning uptime,level,tags
 #1: stderr all=off uptime,level,tags

Environment Variables:
JAVA_HOME=C:\Program Files\Java\jdk-11.0.14
PATH=C:\Program Files\Common Files\Oracle\Java\javapath;C:\Program Files (x86)\Common Files\Oracle\Java\javapath;C:\Program Files\Microsoft MPI\Bin\;C:\ProgramData\Oracle\Java\javapath;C:\WINDOWS\system32;C:\WINDOWS;C:\WINDOWS\System32\Wbem;C:\WINDOWS\System32\WindowsPowerShell\v1.0\;C:\WINDOWS\System32\OpenSSH\;C:\Program Files\Git\cmd;C:\Program Files\Microsoft SQL Server\130\Tools\Binn\;C:\Program Files (x86)\Microsoft SQL Server\110\DTS\Binn\;C:\Program Files (x86)\Microsoft SQL Server\120\DTS\Binn\;C:\Program Files (x86)\Microsoft SQL Server\130\DTS\Binn\;C:\Program Files (x86)\Microsoft SQL Server\140\DTS\Binn\;C:\Program Files (x86)\Microsoft SQL Server\150\DTS\Binn\;C:\Program Files\Docker\Docker\resources\bin;C:\ProgramData\DockerDesktop\version-bin;C:\Program Files (x86)\Microsoft SQL Server\140\Tools\Binn\;C:\Program Files\Microsoft SQL Server\140\Tools\Binn\;C:\Program Files\Microsoft SQL Server\140\DTS\Binn\;C:\Program Files\Microsoft SQL Server\Client SDK\ODBC\130\Tools\Binn\;C:\Program Files (x86)\Microsoft SQL Server\Client SDK\ODBC\130\Tools\Binn\;C:\Program Files (x86)\Microsoft SQL Server\140\Tools\Binn\ManagementStudio\;C:\Program Files\apache-maven-3.8.4\bin;C:\wamp64\bin\php\php7.4.26;C:\ProgramData\ComposerSetup\bin;C:\Program Files\Java\jdk1.8.0_45\bin;C:\Program Files\Java\jdk-17.0.5\bin;C:\Program Files (x86)\nodejs\;C:\Users\HP\AppData\Local\Microsoft\WindowsApps;C:\Users\HP\AppData\Local\Programs\Microsoft VS Code\bin;E:\Projets Flutter\flutter\bin;C:\Program Files (x86)\clisp-2.49;C:\Program Files\JetBrains\PyCharm Community Edition 2022.1.3\bin;;C:\Users\HP\AppData\Roaming\Composer\vendor\bin;C:\Users\HP\AppData\Roaming\npm
USERNAME=HP
OS=Windows_NT
PROCESSOR_IDENTIFIER=Intel64 Family 6 Model 140 Stepping 1, GenuineIntel



---------------  S Y S T E M  ---------------

OS:
 Windows 11 , 64 bit Build 22621 (10.0.22621.2070)
OS uptime: 0 days 22:13 hours
Hyper-V role detected

CPU: total 8 (initial active 8) (4 cores per cpu, 2 threads per core) family 6 model 140 stepping 1 microcode 0xaa, cx8, cmov, fxsr, ht, mmx, 3dnowpref, sse, sse2, sse3, ssse3, sse4.1, sse4.2, popcnt, lzcnt, tsc, tscinvbit, avx, avx2, aes, erms, clmul, bmi1, bmi2, adx, avx512f, avx512dq, avx512cd, avx512bw, avx512vl, sha, fma, vzeroupper, avx512_vpopcntdq, avx512_vpclmulqdq, avx512_vaes, avx512_vnni, clflush, clflushopt, clwb, avx512_vbmi2, avx512_vbmi, hv

Memory: 4k page, system-wide physical 7834M (479M free)
TotalPageFile size 31386M (AvailPageFile size 40M)
current process WorkingSet (physical memory assigned to process): 163M, peak: 163M
current process commit charge ("private bytes"): 205M, peak: 249M

vm_info: Java HotSpot(TM) 64-Bit Server VM (17.0.5+9-LTS-191) for windows-amd64 JRE (17.0.5+9-LTS-191), built on Sep 13 2022 17:31:43 by "mach5one" with MS VC++ 16.8 / 16.9 (VS2019)

END.
